<?xml version="1.0" encoding="UTF-8"?><testsuites failures="217" name="dependency-check" tests="220"><testsuite failures="0" id="0" name="/src/.m2/repository/org/antlr/ST4/4.0.8/ST4-4.0.8.jar" package="ST4-4.0.8.jar" skipped="0" tests="1" timestamp="2021-09-07T17:22:16.865399"><testcase classname="dependency-check" name="ST4-4.0.8.jar"/></testsuite><testsuite failures="1" id="1" name="/src/.m2/repository/net/minidev/accessors-smart/1.1/accessors-smart-1.1.jar" package="accessors-smart-1.1.jar" skipped="0" tests="1" timestamp="2021-09-07T17:22:16.865399"><testcase classname="CVE-2021-27568" name="pkg:maven/net.minidev/accessors-smart@1.1"><failure message="cvssV3: CRITICAL, score: 9.1 (CVSS:3.1/AV:N/AC:L/PR:N/UI:N/S:U/C:H/I:N/A:H)"/><system-out>An issue was discovered in netplex json-smart-v1 through 2015-10-23 and json-smart-v2 through 2.4. An exception is thrown from a function, but it is not caught, as demonstrated by NumberFormatException. When it is not caught, it may cause programs using the library to crash or expose sensitive information.</system-out><system-err>location: /src/.m2/repository/net/minidev/accessors-smart/1.1/accessors-smart-1.1.jar</system-err></testcase></testsuite><testsuite failures="0" id="2" name="/src/.m2/repository/org/eclipse/aether/aether-api/1.0.2.v20150114/aether-api-1.0.2.v20150114.jar" package="aether-api-1.0.2.v20150114.jar" skipped="0" tests="1" timestamp="2021-09-07T17:22:16.865399"><testcase classname="dependency-check" name="aether-api-1.0.2.v20150114.jar"/></testsuite><testsuite failures="0" id="3" name="/src/.m2/repository/org/eclipse/aether/aether-impl/1.0.2.v20150114/aether-impl-1.0.2.v20150114.jar" package="aether-impl-1.0.2.v20150114.jar" skipped="0" tests="1" timestamp="2021-09-07T17:22:16.865399"><testcase classname="dependency-check" name="aether-impl-1.0.2.v20150114.jar"/></testsuite><testsuite failures="0" id="4" name="/src/.m2/repository/org/eclipse/aether/aether-spi/1.0.2.v20150114/aether-spi-1.0.2.v20150114.jar" package="aether-spi-1.0.2.v20150114.jar" skipped="0" tests="1" timestamp="2021-09-07T17:22:16.865399"><testcase classname="dependency-check" name="aether-spi-1.0.2.v20150114.jar"/></testsuite><testsuite failures="0" id="5" name="/src/.m2/repository/org/eclipse/aether/aether-util/1.0.2.v20150114/aether-util-1.0.2.v20150114.jar" package="aether-util-1.0.2.v20150114.jar" skipped="0" tests="1" timestamp="2021-09-07T17:22:16.865399"><testcase classname="dependency-check" name="aether-util-1.0.2.v20150114.jar"/></testsuite><testsuite failures="0" id="6" name="/src/.m2/repository/com/vaadin/external/google/android-json/0.0.20131108.vaadin1/android-json-0.0.20131108.vaadin1.jar" package="android-json-0.0.20131108.vaadin1.jar" skipped="0" tests="1" timestamp="2021-09-07T17:22:16.865399"><testcase classname="dependency-check" name="android-json-0.0.20131108.vaadin1.jar"/></testsuite><testsuite failures="1" id="7" name="/src/.m2/repository/org/apache/ant/ant/1.7.0/ant-1.7.0.jar" package="ant-1.7.0.jar" skipped="0" tests="1" timestamp="2021-09-07T17:22:16.865399"><testcase classname="CVE-2020-1945" name="pkg:maven/org.apache.ant/ant@1.7.0"><failure message="cvssV3: MEDIUM, score: 6.3 (CVSS:3.1/AV:L/AC:H/PR:L/UI:N/S:U/C:H/I:H/A:N)"/><system-out>Apache Ant 1.1 to 1.9.14 and 1.10.0 to 1.10.7 uses the default temporary directory identified by the Java system property java.io.tmpdir for several tasks and may thus leak sensitive information. The fixcrlf and replaceregexp tasks also copy files from the temporary directory back into the build tree allowing an attacker to inject modified source files into the build process.</system-out><system-err>location: /src/.m2/repository/org/apache/ant/ant/1.7.0/ant-1.7.0.jar</system-err></testcase></testsuite><testsuite failures="0" id="8" name="/src/.m2/repository/org/antlr/antlr/3.5.2/antlr-3.5.2.jar" package="antlr-3.5.2.jar" skipped="0" tests="1" timestamp="2021-09-07T17:22:16.865399"><testcase classname="dependency-check" name="antlr-3.5.2.jar"/></testsuite><testsuite failures="0" id="9" name="/src/.m2/repository/org/antlr/antlr-runtime/3.5.2/antlr-runtime-3.5.2.jar" package="antlr-runtime-3.5.2.jar" skipped="0" tests="1" timestamp="2021-09-07T17:22:16.865399"><testcase classname="dependency-check" name="antlr-runtime-3.5.2.jar"/></testsuite><testsuite failures="0" id="10" name="/src/.m2/repository/aopalliance/aopalliance/1.0/aopalliance-1.0.jar" package="aopalliance-1.0.jar" skipped="0" tests="1" timestamp="2021-09-07T17:22:16.865399"><testcase classname="dependency-check" name="aopalliance-1.0.jar"/></testsuite><testsuite failures="0" id="11" name="/src/.m2/repository/asm/asm/3.3.1/asm-3.3.1.jar" package="asm-3.3.1.jar" skipped="0" tests="1" timestamp="2021-09-07T17:22:16.865399"><testcase classname="dependency-check" name="asm-3.3.1.jar"/></testsuite><testsuite failures="0" id="12" name="/src/.m2/repository/asm/asm-analysis/3.2/asm-analysis-3.2.jar" package="asm-analysis-3.2.jar" skipped="0" tests="1" timestamp="2021-09-07T17:22:16.865399"><testcase classname="dependency-check" name="asm-analysis-3.2.jar"/></testsuite><testsuite failures="0" id="13" name="/src/.m2/repository/asm/asm-commons/3.3.1/asm-commons-3.3.1.jar" package="asm-commons-3.3.1.jar" skipped="0" tests="1" timestamp="2021-09-07T17:22:16.865399"><testcase classname="dependency-check" name="asm-commons-3.3.1.jar"/></testsuite><testsuite failures="0" id="14" name="/src/.m2/repository/asm/asm-tree/3.3.1/asm-tree-3.3.1.jar" package="asm-tree-3.3.1.jar" skipped="0" tests="1" timestamp="2021-09-07T17:22:16.865399"><testcase classname="dependency-check" name="asm-tree-3.3.1.jar"/></testsuite><testsuite failures="0" id="15" name="/src/.m2/repository/asm/asm-util/3.2/asm-util-3.2.jar" package="asm-util-3.2.jar" skipped="0" tests="1" timestamp="2021-09-07T17:22:16.865399"><testcase classname="dependency-check" name="asm-util-3.2.jar"/></testsuite><testsuite failures="0" id="16" name="/src/.m2/repository/org/assertj/assertj-core/2.6.0/assertj-core-2.6.0.jar/META-INF/maven/cglib/cglib-nodep/pom.xml" package="assertj-core-2.6.0.jar (shaded: cglib:cglib-nodep:3.2.4)" skipped="0" tests="1" timestamp="2021-09-07T17:22:16.865399"><testcase classname="dependency-check" name="assertj-core-2.6.0.jar (shaded: cglib:cglib-nodep:3.2.4)"/></testsuite><testsuite failures="0" id="17" name="/src/.m2/repository/org/assertj/assertj-core/2.6.0/assertj-core-2.6.0.jar/META-INF/maven/cglib/cglib/pom.xml" package="assertj-core-2.6.0.jar (shaded: cglib:cglib:3.2.4)" skipped="0" tests="1" timestamp="2021-09-07T17:22:16.865399"><testcase classname="dependency-check" name="assertj-core-2.6.0.jar (shaded: cglib:cglib:3.2.4)"/></testsuite><testsuite failures="0" id="18" name="/src/.m2/repository/org/assertj/assertj-core/2.6.0/assertj-core-2.6.0.jar" package="assertj-core-2.6.0.jar" skipped="0" tests="1" timestamp="2021-09-07T17:22:16.865399"><testcase classname="dependency-check" name="assertj-core-2.6.0.jar"/></testsuite><testsuite failures="0" id="19" name="/src/.m2/repository/backport-util-concurrent/backport-util-concurrent/3.1/backport-util-concurrent-3.1.jar" package="backport-util-concurrent-3.1.jar" skipped="0" tests="1" timestamp="2021-09-07T17:22:16.865399"><testcase classname="dependency-check" name="backport-util-concurrent-3.1.jar"/></testsuite><testsuite failures="0" id="20" name="/src/.m2/repository/com/github/ben-manes/caffeine/caffeine/2.3.5/caffeine-2.3.5.jar" package="caffeine-2.3.5.jar" skipped="0" tests="1" timestamp="2021-09-07T17:22:16.865399"><testcase classname="dependency-check" name="caffeine-2.3.5.jar"/></testsuite><testsuite failures="3" id="21" name="/src/.m2/repository/org/apache/cassandra/cassandra-all/3.11.0/cassandra-all-3.11.0.jar" package="cassandra-all-3.11.0.jar" skipped="0" tests="3" timestamp="2021-09-07T17:22:16.865399"><testcase classname="CVE-2018-8016" name="pkg:maven/org.apache.cassandra/cassandra-all@3.11.0"><failure message="cvssV3: CRITICAL, score: 9.8 (CVSS:3.0/AV:N/AC:L/PR:N/UI:N/S:U/C:H/I:H/A:H)"/><system-out>The default configuration in Apache Cassandra 3.8 through 3.11.1 binds an unauthenticated JMX/RMI interface to all network interfaces, which allows remote attackers to execute arbitrary Java code via an RMI request. This issue is a regression of CVE-2015-0225. The regression was introduced in https://issues.apache.org/jira/browse/CASSANDRA-12109. The fix for the regression is implemented in https://issues.apache.org/jira/browse/CASSANDRA-14173. This fix is contained in the 3.11.2 release of Apache Cassandra.</system-out><system-err>location: /src/.m2/repository/org/apache/cassandra/cassandra-all/3.11.0/cassandra-all-3.11.0.jar</system-err></testcase><testcase classname="CVE-2020-13946" name="pkg:maven/org.apache.cassandra/cassandra-all@3.11.0"><failure message="cvssV3: MEDIUM, score: 5.9 (CVSS:3.1/AV:N/AC:H/PR:N/UI:N/S:U/C:H/I:N/A:N)"/><system-out>In Apache Cassandra, all versions prior to 2.1.22, 2.2.18, 3.0.22, 3.11.8 and 4.0-beta2, it is possible for a local attacker without access to the Apache Cassandra process or configuration files to manipulate the RMI registry to perform a man-in-the-middle attack and capture user names and passwords used to access the JMX interface. The attacker can then use these credentials to access the JMX interface and perform unauthorised operations. Users should also be aware of CVE-2019-2684, a JRE vulnerability that enables this issue to be exploited remotely.</system-out><system-err>location: /src/.m2/repository/org/apache/cassandra/cassandra-all/3.11.0/cassandra-all-3.11.0.jar</system-err></testcase><testcase classname="CVE-2020-17516" name="pkg:maven/org.apache.cassandra/cassandra-all@3.11.0"><failure message="cvssV3: HIGH, score: 7.5 (CVSS:3.1/AV:N/AC:L/PR:N/UI:N/S:U/C:H/I:N/A:N)"/><system-out>Apache Cassandra versions 2.1.0 to 2.1.22, 2.2.0 to 2.2.19, 3.0.0 to 3.0.23, and 3.11.0 to 3.11.9, when using &apos;dc&apos; or &apos;rack&apos; internode_encryption setting, allows both encrypted and unencrypted internode connections. A misconfigured node or a malicious user can use the unencrypted connection despite not being in the same rack or dc, and bypass mutual TLS requirement.</system-out><system-err>location: /src/.m2/repository/org/apache/cassandra/cassandra-all/3.11.0/cassandra-all-3.11.0.jar</system-err></testcase></testsuite><testsuite failures="0" id="22" name="/src/.m2/repository/org/apache/cassandra/cassandra-thrift/3.11.0/cassandra-thrift-3.11.0.jar" package="cassandra-thrift-3.11.0.jar" skipped="0" tests="1" timestamp="2021-09-07T17:22:16.865399"><testcase classname="dependency-check" name="cassandra-thrift-3.11.0.jar"/></testsuite><testsuite failures="0" id="23" name="/src/.m2/repository/org/cassandraunit/cassandra-unit/3.3.0.2/cassandra-unit-3.3.0.2.jar" package="cassandra-unit-3.3.0.2.jar" skipped="0" tests="1" timestamp="2021-09-07T17:22:16.865399"><testcase classname="dependency-check" name="cassandra-unit-3.3.0.2.jar"/></testsuite><testsuite failures="0" id="24" name="/src/.m2/repository/org/cassandraunit/cassandra-unit-spring/3.3.0.2/cassandra-unit-spring-3.3.0.2.jar" package="cassandra-unit-spring-3.3.0.2.jar" skipped="0" tests="1" timestamp="2021-09-07T17:22:16.865399"><testcase classname="dependency-check" name="cassandra-unit-spring-3.3.0.2.jar"/></testsuite><testsuite failures="0" id="25" name="/src/.m2/repository/javax/enterprise/cdi-api/1.0/cdi-api-1.0.jar" package="cdi-api-1.0.jar" skipped="0" tests="1" timestamp="2021-09-07T17:22:16.865399"><testcase classname="dependency-check" name="cdi-api-1.0.jar"/></testsuite><testsuite failures="0" id="26" name="/src/.m2/repository/com/fasterxml/classmate/1.3.4/classmate-1.3.4.jar" package="classmate-1.3.4.jar" skipped="0" tests="1" timestamp="2021-09-07T17:22:16.865399"><testcase classname="dependency-check" name="classmate-1.3.4.jar"/></testsuite><testsuite failures="0" id="27" name="/src/.m2/repository/classworlds/classworlds/1.1-alpha-2/classworlds-1.1-alpha-2.jar" package="classworlds-1.1-alpha-2.jar" skipped="0" tests="1" timestamp="2021-09-07T17:22:16.865399"><testcase classname="dependency-check" name="classworlds-1.1-alpha-2.jar"/></testsuite><testsuite failures="0" id="28" name="/src/.m2/repository/classworlds/classworlds/1.1/classworlds-1.1.jar" package="classworlds-1.1.jar" skipped="0" tests="1" timestamp="2021-09-07T17:22:16.865399"><testcase classname="dependency-check" name="classworlds-1.1.jar"/></testsuite><testsuite failures="0" id="29" name="/src/.m2/repository/commons-cli/commons-cli/1.0/commons-cli-1.0.jar" package="commons-cli-1.0.jar" skipped="0" tests="1" timestamp="2021-09-07T17:22:16.865399"><testcase classname="dependency-check" name="commons-cli-1.0.jar"/></testsuite><testsuite failures="0" id="30" name="/src/.m2/repository/commons-cli/commons-cli/1.1/commons-cli-1.1.jar" package="commons-cli-1.1.jar" skipped="0" tests="1" timestamp="2021-09-07T17:22:16.865399"><testcase classname="dependency-check" name="commons-cli-1.1.jar"/></testsuite><testsuite failures="0" id="31" name="/src/.m2/repository/commons-cli/commons-cli/1.2/commons-cli-1.2.jar" package="commons-cli-1.2.jar" skipped="0" tests="1" timestamp="2021-09-07T17:22:16.865399"><testcase classname="dependency-check" name="commons-cli-1.2.jar"/></testsuite><testsuite failures="0" id="32" name="/src/.m2/repository/commons-codec/commons-codec/1.10/commons-codec-1.10.jar" package="commons-codec-1.10.jar" skipped="0" tests="1" timestamp="2021-09-07T17:22:16.865399"><testcase classname="dependency-check" name="commons-codec-1.10.jar"/></testsuite><testsuite failures="0" id="33" name="/src/.m2/repository/commons-codec/commons-codec/1.6/commons-codec-1.6.jar" package="commons-codec-1.6.jar" skipped="0" tests="1" timestamp="2021-09-07T17:22:16.865399"><testcase classname="dependency-check" name="commons-codec-1.6.jar"/></testsuite><testsuite failures="5" id="34" name="/src/.m2/repository/org/apache/commons/commons-compress/1.9/commons-compress-1.9.jar" package="commons-compress-1.9.jar" skipped="0" tests="5" timestamp="2021-09-07T17:22:16.865399"><testcase classname="CVE-2018-11771" name="pkg:maven/org.apache.commons/commons-compress@1.9"><failure message="cvssV3: MEDIUM, score: 5.5 (CVSS:3.0/AV:L/AC:L/PR:N/UI:R/S:U/C:N/I:N/A:H)"/><system-out>When reading a specially crafted ZIP archive, the read method of Apache Commons Compress 1.7 to 1.17&apos;s ZipArchiveInputStream can fail to return the correct EOF indication after the end of the stream has been reached. When combined with a java.io.InputStreamReader this can lead to an infinite stream, which can be used to mount a denial of service attack against services that use Compress&apos; zip package.</system-out><system-err>location: /src/.m2/repository/org/apache/commons/commons-compress/1.9/commons-compress-1.9.jar</system-err></testcase><testcase classname="CVE-2021-35515" name="pkg:maven/org.apache.commons/commons-compress@1.9"><failure message="cvssV3: HIGH, score: 7.5 (CVSS:3.1/AV:N/AC:L/PR:N/UI:N/S:U/C:N/I:N/A:H)"/><system-out>When reading a specially crafted 7Z archive, the construction of the list of codecs that decompress an entry can result in an infinite loop. This could be used to mount a denial of service attack against services that use Compress&apos; sevenz package.</system-out><system-err>location: /src/.m2/repository/org/apache/commons/commons-compress/1.9/commons-compress-1.9.jar</system-err></testcase><testcase classname="CVE-2021-35516" name="pkg:maven/org.apache.commons/commons-compress@1.9"><failure message="cvssV3: HIGH, score: 7.5 (CVSS:3.1/AV:N/AC:L/PR:N/UI:N/S:U/C:N/I:N/A:H)"/><system-out>When reading a specially crafted 7Z archive, Compress can be made to allocate large amounts of memory that finally leads to an out of memory error even for very small inputs. This could be used to mount a denial of service attack against services that use Compress&apos; sevenz package.</system-out><system-err>location: /src/.m2/repository/org/apache/commons/commons-compress/1.9/commons-compress-1.9.jar</system-err></testcase><testcase classname="CVE-2021-35517" name="pkg:maven/org.apache.commons/commons-compress@1.9"><failure message="cvssV3: HIGH, score: 7.5 (CVSS:3.1/AV:N/AC:L/PR:N/UI:N/S:U/C:N/I:N/A:H)"/><system-out>When reading a specially crafted TAR archive, Compress can be made to allocate large amounts of memory that finally leads to an out of memory error even for very small inputs. This could be used to mount a denial of service attack against services that use Compress&apos; tar package.</system-out><system-err>location: /src/.m2/repository/org/apache/commons/commons-compress/1.9/commons-compress-1.9.jar</system-err></testcase><testcase classname="CVE-2021-36090" name="pkg:maven/org.apache.commons/commons-compress@1.9"><failure message="cvssV3: HIGH, score: 7.5 (CVSS:3.1/AV:N/AC:L/PR:N/UI:N/S:U/C:N/I:N/A:H)"/><system-out>When reading a specially crafted ZIP archive, Compress can be made to allocate large amounts of memory that finally leads to an out of memory error even for very small inputs. This could be used to mount a denial of service attack against services that use Compress&apos; zip package.</system-out><system-err>location: /src/.m2/repository/org/apache/commons/commons-compress/1.9/commons-compress-1.9.jar</system-err></testcase></testsuite><testsuite failures="0" id="35" name="/src/.m2/repository/commons-io/commons-io/1.3.2/commons-io-1.3.2.jar" package="commons-io-1.3.2.jar" skipped="0" tests="1" timestamp="2021-09-07T17:22:16.865399"><testcase classname="dependency-check" name="commons-io-1.3.2.jar"/></testsuite><testsuite failures="1" id="36" name="/src/.m2/repository/commons-io/commons-io/2.2/commons-io-2.2.jar" package="commons-io-2.2.jar" skipped="0" tests="1" timestamp="2021-09-07T17:22:16.865399"><testcase classname="CVE-2021-29425" name="pkg:maven/commons-io/commons-io@2.2"><failure message="cvssV3: MEDIUM, score: 5.3 (CVSS:3.1/AV:N/AC:L/PR:N/UI:N/S:U/C:L/I:N/A:N)"/><system-out>In Apache Commons IO before 2.7, When invoking the method FileNameUtils.normalize with an improper input string, like &quot;//../foo&quot;, or &quot;\\..\foo&quot;, the result would be the same value, thus possibly providing access to files in the parent directory, but not further above (thus &quot;limited&quot; path traversal), if the calling code would use the result to construct a path value.</system-out><system-err>location: /src/.m2/repository/commons-io/commons-io/2.2/commons-io-2.2.jar</system-err></testcase></testsuite><testsuite failures="0" id="37" name="/src/.m2/repository/org/apache/commons/commons-lang3/3.4/commons-lang3-3.4.jar" package="commons-lang3-3.4.jar" skipped="0" tests="1" timestamp="2021-09-07T17:22:16.865399"><testcase classname="dependency-check" name="commons-lang3-3.4.jar"/></testsuite><testsuite failures="0" id="38" name="/src/.m2/repository/commons-logging/commons-logging/1.2/commons-logging-1.2.jar" package="commons-logging-1.2.jar" skipped="0" tests="1" timestamp="2021-09-07T17:22:16.865399"><testcase classname="dependency-check" name="commons-logging-1.2.jar"/></testsuite><testsuite failures="0" id="39" name="/src/.m2/repository/commons-logging/commons-logging-api/1.1/commons-logging-api-1.1.jar" package="commons-logging-api-1.1.jar" skipped="0" tests="1" timestamp="2021-09-07T17:22:16.865399"><testcase classname="dependency-check" name="commons-logging-api-1.1.jar"/></testsuite><testsuite failures="0" id="40" name="/src/.m2/repository/org/apache/commons/commons-math3/3.2/commons-math3-3.2.jar" package="commons-math3-3.2.jar" skipped="0" tests="1" timestamp="2021-09-07T17:22:16.865399"><testcase classname="dependency-check" name="commons-math3-3.2.jar"/></testsuite><testsuite failures="0" id="41" name="/src/.m2/repository/com/ning/compress-lzf/0.8.4/compress-lzf-0.8.4.jar" package="compress-lzf-0.8.4.jar" skipped="0" tests="1" timestamp="2021-09-07T17:22:16.865399"><testcase classname="dependency-check" name="compress-lzf-0.8.4.jar"/></testsuite><testsuite failures="0" id="42" name="/src/.m2/repository/com/googlecode/concurrent-trees/concurrent-trees/2.4.0/concurrent-trees-2.4.0.jar" package="concurrent-trees-2.4.0.jar" skipped="0" tests="1" timestamp="2021-09-07T17:22:16.865399"><testcase classname="dependency-check" name="concurrent-trees-2.4.0.jar"/></testsuite><testsuite failures="0" id="43" name="/src/.m2/repository/com/googlecode/concurrentlinkedhashmap/concurrentlinkedhashmap-lru/1.4/concurrentlinkedhashmap-lru-1.4.jar" package="concurrentlinkedhashmap-lru-1.4.jar" skipped="0" tests="1" timestamp="2021-09-07T17:22:16.865399"><testcase classname="dependency-check" name="concurrentlinkedhashmap-lru-1.4.jar"/></testsuite><testsuite failures="0" id="44" name="/src/.m2/repository/com/lmax/disruptor/3.0.1/disruptor-3.0.1.jar" package="disruptor-3.0.1.jar" skipped="0" tests="1" timestamp="2021-09-07T17:22:16.865399"><testcase classname="dependency-check" name="disruptor-3.0.1.jar"/></testsuite><testsuite failures="0" id="45" name="/src/.m2/repository/org/apache/maven/doxia/doxia-logging-api/1.1/doxia-logging-api-1.1.jar" package="doxia-logging-api-1.1.jar" skipped="0" tests="1" timestamp="2021-09-07T17:22:16.865399"><testcase classname="dependency-check" name="doxia-logging-api-1.1.jar"/></testsuite><testsuite failures="0" id="46" name="/src/.m2/repository/org/apache/maven/doxia/doxia-sink-api/1.0-alpha-7/doxia-sink-api-1.0-alpha-7.jar" package="doxia-sink-api-1.0-alpha-7.jar" skipped="0" tests="1" timestamp="2021-09-07T17:22:16.865399"><testcase classname="dependency-check" name="doxia-sink-api-1.0-alpha-7.jar"/></testsuite><testsuite failures="0" id="47" name="/src/.m2/repository/org/apache/maven/doxia/doxia-sink-api/1.1/doxia-sink-api-1.1.jar" package="doxia-sink-api-1.1.jar" skipped="0" tests="1" timestamp="2021-09-07T17:22:16.865399"><testcase classname="dependency-check" name="doxia-sink-api-1.1.jar"/></testsuite><testsuite failures="0" id="48" name="/src/.m2/repository/org/eclipse/jdt/core/compiler/ecj/4.4.2/ecj-4.4.2.jar" package="ecj-4.4.2.jar" skipped="0" tests="1" timestamp="2021-09-07T17:22:16.865399"><testcase classname="dependency-check" name="ecj-4.4.2.jar"/></testsuite><testsuite failures="0" id="49" name="/src/.m2/repository/it/unimi/dsi/fastutil/6.5.7/fastutil-6.5.7.jar" package="fastutil-6.5.7.jar" skipped="0" tests="1" timestamp="2021-09-07T17:22:16.865399"><testcase classname="dependency-check" name="fastutil-6.5.7.jar"/></testsuite><testsuite failures="0" id="50" name="/src/.m2/repository/com/google/collections/google-collections/1.0/google-collections-1.0.jar" package="google-collections-1.0.jar" skipped="0" tests="1" timestamp="2021-09-07T17:22:16.865399"><testcase classname="dependency-check" name="google-collections-1.0.jar"/></testsuite><testsuite failures="2" id="51" name="/src/.m2/repository/com/google/guava/guava/18.0/guava-18.0.jar" package="guava-18.0.jar" skipped="0" tests="2" timestamp="2021-09-07T17:22:16.865399"><testcase classname="CVE-2018-10237" name="pkg:maven/com.google.guava/guava@18.0"><failure message="cvssV3: MEDIUM, score: 5.9 (CVSS:3.1/AV:N/AC:H/PR:N/UI:N/S:U/C:N/I:N/A:H)"/><system-out>Unbounded memory allocation in Google Guava 11.0 through 24.x before 24.1.1 allows remote attackers to conduct denial of service attacks against servers that depend on this library and deserialize attacker-provided data, because the AtomicDoubleArray class (when serialized with Java serialization) and the CompoundOrdering class (when serialized with GWT serialization) perform eager allocation without appropriate checks on what a client has sent and whether the data size is reasonable.</system-out><system-err>location: /src/.m2/repository/com/google/guava/guava/18.0/guava-18.0.jar</system-err></testcase><testcase classname="CVE-2020-8908" name="pkg:maven/com.google.guava/guava@18.0"><failure message="cvssV3: LOW, score: 3.3 (CVSS:3.1/AV:L/AC:L/PR:L/UI:N/S:U/C:L/I:N/A:N)"/><system-out>A temp directory creation vulnerability exists in all versions of Guava, allowing an attacker with access to the machine to potentially access data in a temporary directory created by the Guava API com.google.common.io.Files.createTempDir(). By default, on unix-like systems, the created directory is world-readable (readable by an attacker with access to the system). The method in question has been marked @Deprecated in versions 30.0 and later and should not be used. For Android developers, we recommend choosing a temporary directory API provided by Android, such as context.getCacheDir(). For other Java developers, we recommend migrating to the Java 7 API java.nio.file.Files.createTempDirectory() which explicitly configures permissions of 700, or configuring the Java runtime&apos;s java.io.tmpdir system property to point to a location whose permissions are appropriately configured.</system-out><system-err>location: /src/.m2/repository/com/google/guava/guava/18.0/guava-18.0.jar</system-err></testcase></testsuite><testsuite failures="0" id="52" name="/src/.m2/repository/org/hamcrest/hamcrest-core/1.3/hamcrest-core-1.3.jar" package="hamcrest-core-1.3.jar" skipped="0" tests="1" timestamp="2021-09-07T17:22:16.865399"><testcase classname="dependency-check" name="hamcrest-core-1.3.jar"/></testsuite><testsuite failures="0" id="53" name="/src/.m2/repository/org/hamcrest/hamcrest-library/1.3/hamcrest-library-1.3.jar" package="hamcrest-library-1.3.jar" skipped="0" tests="1" timestamp="2021-09-07T17:22:16.865399"><testcase classname="dependency-check" name="hamcrest-library-1.3.jar"/></testsuite><testsuite failures="3" id="54" name="/src/.m2/repository/org/hibernate/hibernate-validator/5.3.5.Final/hibernate-validator-5.3.5.Final.jar" package="hibernate-validator-5.3.5.Final.jar" skipped="0" tests="3" timestamp="2021-09-07T17:22:16.865399"><testcase classname="CVE-2017-7536" name="pkg:maven/org.hibernate/hibernate-validator@5.3.5.Final"><failure message="cvssV3: HIGH, score: 7.0 (CVSS:3.0/AV:L/AC:H/PR:L/UI:N/S:U/C:H/I:H/A:H)"/><system-out>In Hibernate Validator 5.2.x before 5.2.5 final, 5.3.x, and 5.4.x, it was found that when the security manager&apos;s reflective permissions, which allows it to access the private members of the class, are granted to Hibernate Validator, a potential privilege escalation can occur. By allowing the calling code to access those private members without the permission an attacker may be able to validate an invalid instance and access the private member value via ConstraintViolation#getInvalidValue().</system-out><system-err>location: /src/.m2/repository/org/hibernate/hibernate-validator/5.3.5.Final/hibernate-validator-5.3.5.Final.jar</system-err></testcase><testcase classname="CVE-2019-10219" name="pkg:maven/org.hibernate/hibernate-validator@5.3.5.Final"><failure message="cvssV3: MEDIUM, score: 6.1 (CVSS:3.1/AV:N/AC:L/PR:N/UI:R/S:C/C:L/I:L/A:N)"/><system-out>A vulnerability was found in Hibernate-Validator. The SafeHtml validator annotation fails to properly sanitize payloads consisting of potentially malicious code in HTML comments and instructions. This vulnerability can result in an XSS attack.</system-out><system-err>location: /src/.m2/repository/org/hibernate/hibernate-validator/5.3.5.Final/hibernate-validator-5.3.5.Final.jar</system-err></testcase><testcase classname="CVE-2020-10693" name="pkg:maven/org.hibernate/hibernate-validator@5.3.5.Final"><failure message="cvssV3: MEDIUM, score: 5.3 (CVSS:3.1/AV:N/AC:L/PR:N/UI:N/S:U/C:N/I:L/A:N)"/><system-out>A flaw was found in Hibernate Validator version 6.1.2.Final. A bug in the message interpolation processor enables invalid EL expressions to be evaluated as if they were valid. This flaw allows attackers to bypass input sanitation (escaping, stripping) controls that developers may have put in place when handling user-controlled data in error messages.</system-out><system-err>location: /src/.m2/repository/org/hibernate/hibernate-validator/5.3.5.Final/hibernate-validator-5.3.5.Final.jar</system-err></testcase></testsuite><testsuite failures="0" id="55" name="/src/.m2/repository/com/boundary/high-scale-lib/1.0.6/high-scale-lib-1.0.6.jar" package="high-scale-lib-1.0.6.jar" skipped="0" tests="1" timestamp="2021-09-07T17:22:16.865399"><testcase classname="dependency-check" name="high-scale-lib-1.0.6.jar"/></testsuite><testsuite failures="0" id="56" name="/src/.m2/repository/com/carrotsearch/hppc/0.5.4/hppc-0.5.4.jar" package="hppc-0.5.4.jar" skipped="0" tests="1" timestamp="2021-09-07T17:22:16.865399"><testcase classname="dependency-check" name="hppc-0.5.4.jar"/></testsuite><testsuite failures="1" id="57" name="/src/.m2/repository/org/apache/httpcomponents/httpclient/4.5.3/httpclient-4.5.3.jar" package="httpclient-4.5.3.jar" skipped="0" tests="1" timestamp="2021-09-07T17:22:16.865399"><testcase classname="CVE-2020-13956" name="pkg:maven/org.apache.httpcomponents/httpclient@4.5.3"><failure message="cvssV3: MEDIUM, score: 5.3 (CVSS:3.1/AV:N/AC:L/PR:N/UI:N/S:U/C:N/I:L/A:N)"/><system-out>Apache HttpClient versions prior to version 4.5.13 and 5.0.3 can misinterpret malformed authority component in request URIs passed to the library as java.net.URI object and pick the wrong target host for request execution.</system-out><system-err>location: /src/.m2/repository/org/apache/httpcomponents/httpclient/4.5.3/httpclient-4.5.3.jar</system-err></testcase></testsuite><testsuite failures="0" id="58" name="/src/.m2/repository/org/apache/httpcomponents/httpcore/4.4.8/httpcore-4.4.8.jar" package="httpcore-4.4.8.jar" skipped="0" tests="1" timestamp="2021-09-07T17:22:16.865399"><testcase classname="dependency-check" name="httpcore-4.4.8.jar"/></testsuite><testsuite failures="0" id="59" name="/src/frontend/index.js" package="index.js" skipped="0" tests="1" timestamp="2021-09-07T17:22:16.865399"><testcase classname="dependency-check" name="index.js"/></testsuite><testsuite failures="0" id="60" name="/src/.m2/repository/org/codehaus/jackson/jackson-core-asl/1.9.2/jackson-core-asl-1.9.2.jar" package="jackson-core-asl-1.9.2.jar" skipped="0" tests="1" timestamp="2021-09-07T17:22:16.865399"><testcase classname="dependency-check" name="jackson-core-asl-1.9.2.jar"/></testsuite><testsuite failures="12" id="61" name="/src/.m2/repository/org/codehaus/jackson/jackson-mapper-asl/1.9.2/jackson-mapper-asl-1.9.2.jar" package="jackson-mapper-asl-1.9.2.jar" skipped="0" tests="12" timestamp="2021-09-07T17:22:16.865399"><testcase classname="CVE-2017-15095" name="pkg:maven/org.codehaus.jackson/jackson-mapper-asl@1.9.2"><failure message="cvssV3: CRITICAL, score: 9.8 (CVSS:/AV:N/AC:L/PR:N/UI:N/S:U/C:H/I:H/A:H)"/><system-out>A deserialization flaw was discovered in the jackson-databind in versions before 2.8.10 and 2.9.1, which could allow an unauthenticated user to perform code execution by sending the maliciously crafted input to the readValue method of the ObjectMapper. This issue extends the previous flaw CVE-2017-7525 by blacklisting more classes that could be used maliciously.</system-out><system-err>location: /src/.m2/repository/org/codehaus/jackson/jackson-mapper-asl/1.9.2/jackson-mapper-asl-1.9.2.jar</system-err></testcase><testcase classname="CVE-2017-17485" name="pkg:maven/org.codehaus.jackson/jackson-mapper-asl@1.9.2"><failure message="cvssV3: CRITICAL, score: 9.8 (CVSS:/AV:N/AC:L/PR:N/UI:N/S:U/C:H/I:H/A:H)"/><system-out>FasterXML jackson-databind through 2.8.10 and 2.9.x through 2.9.3 allows unauthenticated remote code execution because of an incomplete fix for the CVE-2017-7525 deserialization flaw. This is exploitable by sending maliciously crafted JSON input to the readValue method of the ObjectMapper, bypassing a blacklist that is ineffective if the Spring libraries are available in the classpath.</system-out><system-err>location: /src/.m2/repository/org/codehaus/jackson/jackson-mapper-asl/1.9.2/jackson-mapper-asl-1.9.2.jar</system-err></testcase><testcase classname="CVE-2017-7525" name="pkg:maven/org.codehaus.jackson/jackson-mapper-asl@1.9.2"><failure message="cvssV3: CRITICAL, score: 9.8 (CVSS:/AV:N/AC:L/PR:N/UI:N/S:U/C:H/I:H/A:H)"/><system-out>A deserialization flaw was discovered in the jackson-databind, versions before 2.6.7.1, 2.7.9.1 and 2.8.9, which could allow an unauthenticated user to perform code execution by sending the maliciously crafted input to the readValue method of the ObjectMapper.</system-out><system-err>location: /src/.m2/repository/org/codehaus/jackson/jackson-mapper-asl/1.9.2/jackson-mapper-asl-1.9.2.jar</system-err></testcase><testcase classname="CVE-2018-1000873" name="pkg:maven/org.codehaus.jackson/jackson-mapper-asl@1.9.2"><failure message="cvssV3: MEDIUM, score: 6.5 (CVSS:/AV:N/AC:L/PR:N/UI:R/S:U/C:N/I:N/A:H)"/><system-out>Fasterxml Jackson version Before 2.9.8 contains a CWE-20: Improper Input Validation vulnerability in Jackson-Modules-Java8 that can result in Causes a denial-of-service (DoS). This attack appear to be exploitable via The victim deserializes malicious input, specifically very large values in the nanoseconds field of a time value. This vulnerability appears to have been fixed in 2.9.8.</system-out><system-err>location: /src/.m2/repository/org/codehaus/jackson/jackson-mapper-asl/1.9.2/jackson-mapper-asl-1.9.2.jar</system-err></testcase><testcase classname="CVE-2018-14718" name="pkg:maven/org.codehaus.jackson/jackson-mapper-asl@1.9.2"><failure message="cvssV3: CRITICAL, score: 9.8 (CVSS:/AV:N/AC:L/PR:N/UI:N/S:U/C:H/I:H/A:H)"/><system-out>FasterXML jackson-databind 2.x before 2.9.7 might allow remote attackers to execute arbitrary code by leveraging failure to block the slf4j-ext class from polymorphic deserialization.</system-out><system-err>location: /src/.m2/repository/org/codehaus/jackson/jackson-mapper-asl/1.9.2/jackson-mapper-asl-1.9.2.jar</system-err></testcase><testcase classname="CVE-2018-5968" name="pkg:maven/org.codehaus.jackson/jackson-mapper-asl@1.9.2"><failure message="cvssV3: HIGH, score: 8.1 (CVSS:/AV:N/AC:H/PR:N/UI:N/S:U/C:H/I:H/A:H)"/><system-out>FasterXML jackson-databind through 2.8.11 and 2.9.x through 2.9.3 allows unauthenticated remote code execution because of an incomplete fix for the CVE-2017-7525 and CVE-2017-17485 deserialization flaws. This is exploitable via two different gadgets that bypass a blacklist.</system-out><system-err>location: /src/.m2/repository/org/codehaus/jackson/jackson-mapper-asl/1.9.2/jackson-mapper-asl-1.9.2.jar</system-err></testcase><testcase classname="CVE-2018-7489" name="pkg:maven/org.codehaus.jackson/jackson-mapper-asl@1.9.2"><failure message="cvssV3: CRITICAL, score: 9.8 (CVSS:/AV:N/AC:L/PR:N/UI:N/S:U/C:H/I:H/A:H)"/><system-out>FasterXML jackson-databind before 2.7.9.3, 2.8.x before 2.8.11.1 and 2.9.x before 2.9.5 allows unauthenticated remote code execution because of an incomplete fix for the CVE-2017-7525 deserialization flaw. This is exploitable by sending maliciously crafted JSON input to the readValue method of the ObjectMapper, bypassing a blacklist that is ineffective if the c3p0 libraries are available in the classpath.</system-out><system-err>location: /src/.m2/repository/org/codehaus/jackson/jackson-mapper-asl/1.9.2/jackson-mapper-asl-1.9.2.jar</system-err></testcase><testcase classname="CVE-2019-10172" name="pkg:maven/org.codehaus.jackson/jackson-mapper-asl@1.9.2"><failure message="cvssV3: HIGH, score: 7.5 (CVSS:3.1/AV:N/AC:L/PR:N/UI:N/S:U/C:N/I:H/A:N)"/><system-out>A flaw was found in org.codehaus.jackson:jackson-mapper-asl:1.9.x libraries. XML external entity vulnerabilities similar CVE-2016-3720 also affects codehaus jackson-mapper-asl libraries but in different classes.</system-out><system-err>location: /src/.m2/repository/org/codehaus/jackson/jackson-mapper-asl/1.9.2/jackson-mapper-asl-1.9.2.jar</system-err></testcase><testcase classname="CVE-2019-14540" name="pkg:maven/org.codehaus.jackson/jackson-mapper-asl@1.9.2"><failure message="cvssV3: CRITICAL, score: 9.8 (CVSS:/AV:N/AC:L/PR:N/UI:N/S:U/C:H/I:H/A:H)"/><system-out>A Polymorphic Typing issue was discovered in FasterXML jackson-databind before 2.9.10. It is related to com.zaxxer.hikari.HikariConfig.</system-out><system-err>location: /src/.m2/repository/org/codehaus/jackson/jackson-mapper-asl/1.9.2/jackson-mapper-asl-1.9.2.jar</system-err></testcase><testcase classname="CVE-2019-14893" name="pkg:maven/org.codehaus.jackson/jackson-mapper-asl@1.9.2"><failure message="cvssV3: CRITICAL, score: 9.8 (CVSS:/AV:N/AC:L/PR:N/UI:N/S:U/C:H/I:H/A:H)"/><system-out>A flaw was discovered in FasterXML jackson-databind in all versions before 2.9.10 and 2.10.0, where it would permit polymorphic deserialization of malicious objects using the xalan JNDI gadget when used in conjunction with polymorphic type handling methods such as `enableDefaultTyping()` or when @JsonTypeInfo is using `Id.CLASS` or `Id.MINIMAL_CLASS` or in any other way which ObjectMapper.readValue might instantiate objects from unsafe sources. An attacker could use this flaw to execute arbitrary code.</system-out><system-err>location: /src/.m2/repository/org/codehaus/jackson/jackson-mapper-asl/1.9.2/jackson-mapper-asl-1.9.2.jar</system-err></testcase><testcase classname="CVE-2019-16335" name="pkg:maven/org.codehaus.jackson/jackson-mapper-asl@1.9.2"><failure message="cvssV3: CRITICAL, score: 9.8 (CVSS:/AV:N/AC:L/PR:N/UI:N/S:U/C:H/I:H/A:H)"/><system-out>A Polymorphic Typing issue was discovered in FasterXML jackson-databind before 2.9.10. It is related to com.zaxxer.hikari.HikariDataSource. This is a different vulnerability than CVE-2019-14540.</system-out><system-err>location: /src/.m2/repository/org/codehaus/jackson/jackson-mapper-asl/1.9.2/jackson-mapper-asl-1.9.2.jar</system-err></testcase><testcase classname="CVE-2019-17267" name="pkg:maven/org.codehaus.jackson/jackson-mapper-asl@1.9.2"><failure message="cvssV3: CRITICAL, score: 9.8 (CVSS:/AV:N/AC:L/PR:N/UI:N/S:U/C:H/I:H/A:H)"/><system-out>A Polymorphic Typing issue was discovered in FasterXML jackson-databind before 2.9.10. It is related to net.sf.ehcache.hibernate.EhcacheJtaTransactionManagerLookup.</system-out><system-err>location: /src/.m2/repository/org/codehaus/jackson/jackson-mapper-asl/1.9.2/jackson-mapper-asl-1.9.2.jar</system-err></testcase></testsuite><testsuite failures="0" id="62" name="/src/.m2/repository/com/github/jbellis/jamm/0.3.0/jamm-0.3.0.jar" package="jamm-0.3.0.jar" skipped="0" tests="1" timestamp="2021-09-07T17:22:16.865399"><testcase classname="dependency-check" name="jamm-0.3.0.jar"/></testsuite><testsuite failures="0" id="63" name="/src/.m2/repository/javax/inject/javax.inject/1/javax.inject-1.jar" package="javax.inject-1.jar" skipped="0" tests="1" timestamp="2021-09-07T17:22:16.865399"><testcase classname="dependency-check" name="javax.inject-1.jar"/></testsuite><testsuite failures="1" id="64" name="/src/.m2/repository/org/mindrot/jbcrypt/0.3m/jbcrypt-0.3m.jar" package="jbcrypt-0.3m.jar" skipped="0" tests="1" timestamp="2021-09-07T17:22:16.865399"><testcase classname="CVE-2015-0886" name="pkg:maven/org.mindrot/jbcrypt@0.3m"><failure message="cvssV2: MEDIUM, score: 5.0 (/AV:N/AC:L/Au:N/C:P/I:N/A:N)"/><system-out>Integer overflow in the crypt_raw method in the key-stretching implementation in jBCrypt before 0.4 makes it easier for remote attackers to determine cleartext values of password hashes via a brute-force attack against hashes associated with the maximum exponent.</system-out><system-err>location: /src/.m2/repository/org/mindrot/jbcrypt/0.3m/jbcrypt-0.3m.jar</system-err></testcase></testsuite><testsuite failures="0" id="65" name="/src/.m2/repository/org/slf4j/jcl-over-slf4j/1.5.6/jcl-over-slf4j-1.5.6.jar" package="jcl-over-slf4j-1.5.6.jar" skipped="0" tests="1" timestamp="2021-09-07T17:22:16.865399"><testcase classname="dependency-check" name="jcl-over-slf4j-1.5.6.jar"/></testsuite><testsuite failures="0" id="66" name="/src/.m2/repository/org/slf4j/jcl-over-slf4j/1.7.25/jcl-over-slf4j-1.7.25.jar" package="jcl-over-slf4j-1.7.25.jar" skipped="0" tests="1" timestamp="2021-09-07T17:22:16.865399"><testcase classname="dependency-check" name="jcl-over-slf4j-1.7.25.jar"/></testsuite><testsuite failures="0" id="67" name="/src/.m2/repository/org/jctools/jctools-core/1.2.1/jctools-core-1.2.1.jar" package="jctools-core-1.2.1.jar" skipped="0" tests="1" timestamp="2021-09-07T17:22:16.865399"><testcase classname="dependency-check" name="jctools-core-1.2.1.jar"/></testsuite><testsuite failures="0" id="68" name="/src/.m2/repository/org/vafer/jdependency/0.7/jdependency-0.7.jar" package="jdependency-0.7.jar" skipped="0" tests="1" timestamp="2021-09-07T17:22:16.865399"><testcase classname="dependency-check" name="jdependency-0.7.jar"/></testsuite><testsuite failures="1" id="69" name="/src/.m2/repository/org/jdom/jdom/1.1/jdom-1.1.jar" package="jdom-1.1.jar" skipped="0" tests="1" timestamp="2021-09-07T17:22:16.865399"><testcase classname="CVE-2021-33813" name="pkg:maven/org.jdom/jdom@1.1"><failure message="cvssV3: HIGH, score: 7.5 (CVSS:3.1/AV:N/AC:L/PR:N/UI:N/S:U/C:N/I:N/A:H)"/><system-out>An XXE issue in SAXBuilder in JDOM through 2.0.6 allows attackers to cause a denial of service via a crafted HTTP request.</system-out><system-err>location: /src/.m2/repository/org/jdom/jdom/1.1/jdom-1.1.jar</system-err></testcase></testsuite><testsuite failures="0" id="70" name="/src/.m2/repository/de/jflex/jflex/1.6.0/jflex-1.6.0.jar" package="jflex-1.6.0.jar" skipped="0" tests="1" timestamp="2021-09-07T17:22:16.865399"><testcase classname="dependency-check" name="jflex-1.6.0.jar"/></testsuite><testsuite failures="0" id="71" name="/src/.m2/repository/net/java/dev/jna/jna/4.2.2/jna-4.2.2.jar" package="jna-4.2.2.jar" skipped="0" tests="1" timestamp="2021-09-07T17:22:16.865399"><testcase classname="dependency-check" name="jna-4.2.2.jar"/></testsuite><testsuite failures="0" id="72" name="/src/.m2/repository/net/java/dev/jna/jna/4.2.2/jna-4.2.2.jar/com/sun/jna/w32ce-arm/jnidispatch.dll" package="jna-4.2.2.jar: jnidispatch.dll" skipped="0" tests="1" timestamp="2021-09-07T17:22:16.865399"><testcase classname="dependency-check" name="jna-4.2.2.jar: jnidispatch.dll"/></testsuite><testsuite failures="0" id="73" name="/src/.m2/repository/net/java/dev/jna/jna/4.2.2/jna-4.2.2.jar/com/sun/jna/win32-x86-64/jnidispatch.dll" package="jna-4.2.2.jar: jnidispatch.dll" skipped="0" tests="1" timestamp="2021-09-07T17:22:16.865399"><testcase classname="dependency-check" name="jna-4.2.2.jar: jnidispatch.dll"/></testsuite><testsuite failures="0" id="74" name="/src/.m2/repository/net/java/dev/jna/jna/4.2.2/jna-4.2.2.jar/com/sun/jna/win32-x86/jnidispatch.dll" package="jna-4.2.2.jar: jnidispatch.dll" skipped="0" tests="1" timestamp="2021-09-07T17:22:16.865399"><testcase classname="dependency-check" name="jna-4.2.2.jar: jnidispatch.dll"/></testsuite><testsuite failures="0" id="75" name="/src/.m2/repository/joda-time/joda-time/2.9.9/joda-time-2.9.9.jar" package="joda-time-2.9.9.jar" skipped="0" tests="1" timestamp="2021-09-07T17:22:16.865399"><testcase classname="dependency-check" name="joda-time-2.9.9.jar"/></testsuite><testsuite failures="0" id="76" name="/src/.m2/repository/com/jayway/jsonpath/json-path/2.2.0/json-path-2.2.0.jar" package="json-path-2.2.0.jar" skipped="0" tests="1" timestamp="2021-09-07T17:22:16.865399"><testcase classname="dependency-check" name="json-path-2.2.0.jar"/></testsuite><testsuite failures="0" id="77" name="/src/.m2/repository/com/googlecode/json-simple/json-simple/1.1.1/json-simple-1.1.1.jar" package="json-simple-1.1.1.jar" skipped="0" tests="1" timestamp="2021-09-07T17:22:16.865399"><testcase classname="dependency-check" name="json-simple-1.1.1.jar"/></testsuite><testsuite failures="1" id="78" name="/src/.m2/repository/net/minidev/json-smart/2.2.1/json-smart-2.2.1.jar" package="json-smart-2.2.1.jar" skipped="0" tests="1" timestamp="2021-09-07T17:22:16.865399"><testcase classname="CVE-2021-27568" name="pkg:maven/net.minidev/json-smart@2.2.1"><failure message="cvssV3: CRITICAL, score: 9.1 (CVSS:3.1/AV:N/AC:L/PR:N/UI:N/S:U/C:H/I:N/A:H)"/><system-out>An issue was discovered in netplex json-smart-v1 through 2015-10-23 and json-smart-v2 through 2.4. An exception is thrown from a function, but it is not caught, as demonstrated by NumberFormatException. When it is not caught, it may cause programs using the library to crash or expose sensitive information.</system-out><system-err>location: /src/.m2/repository/net/minidev/json-smart/2.2.1/json-smart-2.2.1.jar</system-err></testcase></testsuite><testsuite failures="0" id="79" name="/src/.m2/repository/org/skyscreamer/jsonassert/1.4.0/jsonassert-1.4.0.jar" package="jsonassert-1.4.0.jar" skipped="0" tests="1" timestamp="2021-09-07T17:22:16.865399"><testcase classname="dependency-check" name="jsonassert-1.4.0.jar"/></testsuite><testsuite failures="0" id="80" name="/src/.m2/repository/javax/annotation/jsr250-api/1.0/jsr250-api-1.0.jar" package="jsr250-api-1.0.jar" skipped="0" tests="1" timestamp="2021-09-07T17:22:16.865399"><testcase classname="dependency-check" name="jsr250-api-1.0.jar"/></testsuite><testsuite failures="0" id="81" name="/src/.m2/repository/com/google/code/findbugs/jsr305/2.0.1/jsr305-2.0.1.jar" package="jsr305-2.0.1.jar" skipped="0" tests="1" timestamp="2021-09-07T17:22:16.865399"><testcase classname="dependency-check" name="jsr305-2.0.1.jar"/></testsuite><testsuite failures="0" id="82" name="/src/.m2/repository/org/slf4j/jul-to-slf4j/1.7.25/jul-to-slf4j-1.7.25.jar" package="jul-to-slf4j-1.7.25.jar" skipped="0" tests="1" timestamp="2021-09-07T17:22:16.865399"><testcase classname="dependency-check" name="jul-to-slf4j-1.7.25.jar"/></testsuite><testsuite failures="0" id="83" name="/src/.m2/repository/junit/junit/3.8.1/junit-3.8.1.jar" package="junit-3.8.1.jar" skipped="0" tests="1" timestamp="2021-09-07T17:22:16.865399"><testcase classname="dependency-check" name="junit-3.8.1.jar"/></testsuite><testsuite failures="0" id="84" name="/src/.m2/repository/junit/junit/3.8.2/junit-3.8.2.jar" package="junit-3.8.2.jar" skipped="0" tests="1" timestamp="2021-09-07T17:22:16.865399"><testcase classname="dependency-check" name="junit-3.8.2.jar"/></testsuite><testsuite failures="1" id="85" name="/src/.m2/repository/junit/junit/4.12/junit-4.12.jar" package="junit-4.12.jar" skipped="0" tests="1" timestamp="2021-09-07T17:22:16.865399"><testcase classname="CVE-2020-15250" name="pkg:maven/junit/junit@4.12"><failure message="cvssV3: MEDIUM, score: 5.5 (CVSS:3.1/AV:L/AC:L/PR:N/UI:R/S:U/C:H/I:N/A:N)"/><system-out>In JUnit4 from version 4.7 and before 4.13.1, the test rule TemporaryFolder contains a local information disclosure vulnerability. On Unix like systems, the system&apos;s temporary directory is shared between all users on that system. Because of this, when files and directories are written into this directory they are, by default, readable by other users on that same system. This vulnerability does not allow other users to overwrite the contents of these directories or files. This is purely an information disclosure vulnerability. This vulnerability impacts you if the JUnit tests write sensitive information, like API keys or passwords, into the temporary folder, and the JUnit tests execute in an environment where the OS has other untrusted users. Because certain JDK file system APIs were only added in JDK 1.7, this this fix is dependent upon the version of the JDK you are using. For Java 1.7 and higher users: this vulnerability is fixed in 4.13.1. For Java 1.6 and lower users: no patch is available, you must use the workaround below. If you are unable to patch, or are stuck running on Java 1.6, specifying the `java.io.tmpdir` system environment variable to a directory that is exclusively owned by the executing user will fix this vulnerability. For more information, including an example of vulnerable code, see the referenced GitHub Security Advisory.</system-out><system-err>location: /src/.m2/repository/junit/junit/4.12/junit-4.12.jar</system-err></testcase></testsuite><testsuite failures="5" id="86" name="/src/.m2/repository/org/apache/thrift/libthrift/0.9.2/libthrift-0.9.2.jar" package="libthrift-0.9.2.jar" skipped="0" tests="5" timestamp="2021-09-07T17:22:16.865399"><testcase classname="CVE-2015-3254" name="pkg:maven/org.apache.thrift/libthrift@0.9.2"><failure message="cvssV3: MEDIUM, score: 6.5 (CVSS:3.0/AV:N/AC:L/PR:L/UI:N/S:U/C:N/I:N/A:H)"/><system-out>The client libraries in Apache Thrift before 0.9.3 might allow remote authenticated users to cause a denial of service (infinite recursion) via vectors involving the skip function.</system-out><system-err>location: /src/.m2/repository/org/apache/thrift/libthrift/0.9.2/libthrift-0.9.2.jar</system-err></testcase><testcase classname="CVE-2016-5397" name="pkg:maven/org.apache.thrift/libthrift@0.9.2"><failure message="cvssV3: HIGH, score: 8.8 (CVSS:3.0/AV:N/AC:L/PR:L/UI:N/S:U/C:H/I:H/A:H)"/><system-out>The Apache Thrift Go client library exposed the potential during code generation for command injection due to using an external formatting tool. Affected Apache Thrift 0.9.3 and older, Fixed in Apache Thrift 0.10.0.</system-out><system-err>location: /src/.m2/repository/org/apache/thrift/libthrift/0.9.2/libthrift-0.9.2.jar</system-err></testcase><testcase classname="CVE-2018-11798" name="pkg:maven/org.apache.thrift/libthrift@0.9.2"><failure message="cvssV3: MEDIUM, score: 6.5 (CVSS:3.0/AV:N/AC:L/PR:L/UI:N/S:U/C:H/I:N/A:N)"/><system-out>The Apache Thrift Node.js static web server in versions 0.9.2 through 0.11.0 have been determined to contain a security vulnerability in which a remote user has the ability to access files outside the set webservers docroot path.</system-out><system-err>location: /src/.m2/repository/org/apache/thrift/libthrift/0.9.2/libthrift-0.9.2.jar</system-err></testcase><testcase classname="CVE-2018-1320" name="pkg:maven/org.apache.thrift/libthrift@0.9.2"><failure message="cvssV3: HIGH, score: 7.5 (CVSS:3.1/AV:N/AC:L/PR:N/UI:N/S:U/C:N/I:H/A:N)"/><system-out>Apache Thrift Java client library versions 0.5.0 through 0.11.0 can bypass SASL negotiation isComplete validation in the org.apache.thrift.transport.TSaslTransport class. An assert used to determine if the SASL handshake had successfully completed could be disabled in production settings making the validation incomplete.</system-out><system-err>location: /src/.m2/repository/org/apache/thrift/libthrift/0.9.2/libthrift-0.9.2.jar</system-err></testcase><testcase classname="CVE-2019-0205" name="pkg:maven/org.apache.thrift/libthrift@0.9.2"><failure message="cvssV3: HIGH, score: 7.5 (CVSS:3.1/AV:N/AC:L/PR:N/UI:N/S:U/C:N/I:N/A:H)"/><system-out>In Apache Thrift all versions up to and including 0.12.0, a server or client may run into an endless loop when feed with specific input data. Because the issue had already been partially fixed in version 0.11.0, depending on the installed version it affects only certain language bindings.</system-out><system-err>location: /src/.m2/repository/org/apache/thrift/libthrift/0.9.2/libthrift-0.9.2.jar</system-err></testcase></testsuite><testsuite failures="2" id="87" name="/src/.m2/repository/log4j/log4j/1.2.12/log4j-1.2.12.jar" package="log4j-1.2.12.jar" skipped="0" tests="2" timestamp="2021-09-07T17:22:16.865399"><testcase classname="CVE-2019-17571" name="pkg:maven/log4j/log4j@1.2.12"><failure message="cvssV3: CRITICAL, score: 9.8 (CVSS:3.1/AV:N/AC:L/PR:N/UI:N/S:U/C:H/I:H/A:H)"/><system-out>Included in Log4j 1.2 is a SocketServer class that is vulnerable to deserialization of untrusted data which can be exploited to remotely execute arbitrary code when combined with a deserialization gadget when listening to untrusted network traffic for log data. This affects Log4j versions up to 1.2 up to 1.2.17.</system-out><system-err>location: /src/.m2/repository/log4j/log4j/1.2.12/log4j-1.2.12.jar</system-err></testcase><testcase classname="CVE-2020-9488" name="pkg:maven/log4j/log4j@1.2.12"><failure message="cvssV3: LOW, score: 3.7 (CVSS:3.1/AV:N/AC:H/PR:N/UI:N/S:U/C:L/I:N/A:N)"/><system-out>Improper validation of certificate with host mismatch in Apache Log4j SMTP appender. This could allow an SMTPS connection to be intercepted by a man-in-the-middle attack which could leak any log messages sent through that appender.</system-out><system-err>location: /src/.m2/repository/log4j/log4j/1.2.12/log4j-1.2.12.jar</system-err></testcase></testsuite><testsuite failures="2" id="88" name="/src/.m2/repository/log4j/log4j/1.2.17/log4j-1.2.17.jar" package="log4j-1.2.17.jar" skipped="0" tests="2" timestamp="2021-09-07T17:22:16.865399"><testcase classname="CVE-2019-17571" name="pkg:maven/log4j/log4j@1.2.17"><failure message="cvssV3: CRITICAL, score: 9.8 (CVSS:3.1/AV:N/AC:L/PR:N/UI:N/S:U/C:H/I:H/A:H)"/><system-out>Included in Log4j 1.2 is a SocketServer class that is vulnerable to deserialization of untrusted data which can be exploited to remotely execute arbitrary code when combined with a deserialization gadget when listening to untrusted network traffic for log data. This affects Log4j versions up to 1.2 up to 1.2.17.</system-out><system-err>location: /src/.m2/repository/log4j/log4j/1.2.17/log4j-1.2.17.jar</system-err></testcase><testcase classname="CVE-2020-9488" name="pkg:maven/log4j/log4j@1.2.17"><failure message="cvssV3: LOW, score: 3.7 (CVSS:3.1/AV:N/AC:H/PR:N/UI:N/S:U/C:L/I:N/A:N)"/><system-out>Improper validation of certificate with host mismatch in Apache Log4j SMTP appender. This could allow an SMTPS connection to be intercepted by a man-in-the-middle attack which could leak any log messages sent through that appender.</system-out><system-err>location: /src/.m2/repository/log4j/log4j/1.2.17/log4j-1.2.17.jar</system-err></testcase></testsuite><testsuite failures="0" id="89" name="/src/.m2/repository/org/slf4j/log4j-over-slf4j/1.7.25/log4j-over-slf4j-1.7.25.jar" package="log4j-over-slf4j-1.7.25.jar" skipped="0" tests="1" timestamp="2021-09-07T17:22:16.865399"><testcase classname="dependency-check" name="log4j-over-slf4j-1.7.25.jar"/></testsuite><testsuite failures="0" id="90" name="/src/.m2/repository/net/jpountz/lz4/lz4/1.3.0/lz4-1.3.0.jar" package="lz4-1.3.0.jar" skipped="0" tests="1" timestamp="2021-09-07T17:22:16.865399"><testcase classname="dependency-check" name="lz4-1.3.0.jar"/></testsuite><testsuite failures="0" id="91" name="/src/.m2/repository/org/apache/maven/maven-aether-provider/3.2.1/maven-aether-provider-3.2.1.jar" package="maven-aether-provider-3.2.1.jar" skipped="0" tests="1" timestamp="2021-09-07T17:22:16.865399"><testcase classname="dependency-check" name="maven-aether-provider-3.2.1.jar"/></testsuite><testsuite failures="0" id="92" name="/src/.m2/repository/org/apache/maven/maven-archiver/2.6/maven-archiver-2.6.jar" package="maven-archiver-2.6.jar" skipped="0" tests="1" timestamp="2021-09-07T17:22:16.865399"><testcase classname="dependency-check" name="maven-archiver-2.6.jar"/></testsuite><testsuite failures="0" id="93" name="/src/.m2/repository/org/apache/maven/maven-artifact/2.0.6/maven-artifact-2.0.6.jar" package="maven-artifact-2.0.6.jar" skipped="0" tests="1" timestamp="2021-09-07T17:22:16.865399"><testcase classname="dependency-check" name="maven-artifact-2.0.6.jar"/></testsuite><testsuite failures="0" id="94" name="/src/.m2/repository/org/apache/maven/maven-artifact/2.0.9/maven-artifact-2.0.9.jar" package="maven-artifact-2.0.9.jar" skipped="0" tests="1" timestamp="2021-09-07T17:22:16.865399"><testcase classname="dependency-check" name="maven-artifact-2.0.9.jar"/></testsuite><testsuite failures="0" id="95" name="/src/.m2/repository/org/apache/maven/maven-artifact/2.2.1/maven-artifact-2.2.1.jar" package="maven-artifact-2.2.1.jar" skipped="0" tests="1" timestamp="2021-09-07T17:22:16.865399"><testcase classname="dependency-check" name="maven-artifact-2.2.1.jar"/></testsuite><testsuite failures="0" id="96" name="/src/.m2/repository/org/apache/maven/maven-artifact/3.1.1/maven-artifact-3.1.1.jar" package="maven-artifact-3.1.1.jar" skipped="0" tests="1" timestamp="2021-09-07T17:22:16.865399"><testcase classname="dependency-check" name="maven-artifact-3.1.1.jar"/></testsuite><testsuite failures="0" id="97" name="/src/.m2/repository/org/apache/maven/maven-artifact-manager/2.0.6/maven-artifact-manager-2.0.6.jar" package="maven-artifact-manager-2.0.6.jar" skipped="0" tests="1" timestamp="2021-09-07T17:22:16.865399"><testcase classname="dependency-check" name="maven-artifact-manager-2.0.6.jar"/></testsuite><testsuite failures="0" id="98" name="/src/.m2/repository/org/apache/maven/maven-artifact-manager/2.0.8/maven-artifact-manager-2.0.8.jar" package="maven-artifact-manager-2.0.8.jar" skipped="0" tests="1" timestamp="2021-09-07T17:22:16.865399"><testcase classname="dependency-check" name="maven-artifact-manager-2.0.8.jar"/></testsuite><testsuite failures="0" id="99" name="/src/.m2/repository/org/apache/maven/maven-artifact-manager/2.0.9/maven-artifact-manager-2.0.9.jar" package="maven-artifact-manager-2.0.9.jar" skipped="0" tests="1" timestamp="2021-09-07T17:22:16.865399"><testcase classname="dependency-check" name="maven-artifact-manager-2.0.9.jar"/></testsuite><testsuite failures="0" id="100" name="/src/.m2/repository/org/apache/maven/maven-artifact-manager/2.2.1/maven-artifact-manager-2.2.1.jar" package="maven-artifact-manager-2.2.1.jar" skipped="0" tests="1" timestamp="2021-09-07T17:22:16.865399"><testcase classname="dependency-check" name="maven-artifact-manager-2.2.1.jar"/></testsuite><testsuite failures="0" id="101" name="/src/.m2/repository/org/apache/maven/plugins/maven-clean-plugin/2.6.1/maven-clean-plugin-2.6.1.jar" package="maven-clean-plugin-2.6.1.jar" skipped="0" tests="1" timestamp="2021-09-07T17:22:16.865399"><testcase classname="dependency-check" name="maven-clean-plugin-2.6.1.jar"/></testsuite><testsuite failures="0" id="102" name="/src/.m2/repository/org/apache/maven/shared/maven-common-artifact-filters/1.4/maven-common-artifact-filters-1.4.jar" package="maven-common-artifact-filters-1.4.jar" skipped="0" tests="1" timestamp="2021-09-07T17:22:16.865399"><testcase classname="dependency-check" name="maven-common-artifact-filters-1.4.jar"/></testsuite><testsuite failures="0" id="103" name="/src/.m2/repository/org/apache/maven/maven-compat/3.0/maven-compat-3.0.jar" package="maven-compat-3.0.jar" skipped="0" tests="1" timestamp="2021-09-07T17:22:16.865399"><testcase classname="dependency-check" name="maven-compat-3.0.jar"/></testsuite><testsuite failures="0" id="104" name="/src/.m2/repository/org/apache/maven/plugins/maven-compiler-plugin/3.1/maven-compiler-plugin-3.1.jar" package="maven-compiler-plugin-3.1.jar" skipped="0" tests="1" timestamp="2021-09-07T17:22:16.865399"><testcase classname="dependency-check" name="maven-compiler-plugin-3.1.jar"/></testsuite><testsuite failures="1" id="105" name="/src/.m2/repository/org/apache/maven/maven-core/2.0.6/maven-core-2.0.6.jar" package="maven-core-2.0.6.jar" skipped="0" tests="1" timestamp="2021-09-07T17:22:16.865399"><testcase classname="CVE-2021-26291" name="pkg:maven/org.apache.maven/maven-core@2.0.6"><failure message="cvssV3: CRITICAL, score: 9.1 (CVSS:3.1/AV:N/AC:L/PR:N/UI:N/S:U/C:H/I:H/A:N)"/><system-out>Apache Maven will follow repositories that are defined in a dependency’s Project Object Model (pom) which may be surprising to some users, resulting in potential risk if a malicious actor takes over that repository or is able to insert themselves into a position to pretend to be that repository. Maven is changing the default behavior in 3.8.1+ to no longer follow http (non-SSL) repository references by default. More details available in the referenced urls. If you are currently using a repository manager to govern the repositories used by your builds, you are unaffected by the risks present in the legacy behavior, and are unaffected by this vulnerability and change to default behavior. See this link for more information about repository management: https://maven.apache.org/repository-management.html</system-out><system-err>location: /src/.m2/repository/org/apache/maven/maven-core/2.0.6/maven-core-2.0.6.jar</system-err></testcase></testsuite><testsuite failures="1" id="106" name="/src/.m2/repository/org/apache/maven/maven-core/2.0.9/maven-core-2.0.9.jar" package="maven-core-2.0.9.jar" skipped="0" tests="1" timestamp="2021-09-07T17:22:16.865399"><testcase classname="CVE-2021-26291" name="pkg:maven/org.apache.maven/maven-core@2.0.9"><failure message="cvssV3: CRITICAL, score: 9.1 (CVSS:3.1/AV:N/AC:L/PR:N/UI:N/S:U/C:H/I:H/A:N)"/><system-out>Apache Maven will follow repositories that are defined in a dependency’s Project Object Model (pom) which may be surprising to some users, resulting in potential risk if a malicious actor takes over that repository or is able to insert themselves into a position to pretend to be that repository. Maven is changing the default behavior in 3.8.1+ to no longer follow http (non-SSL) repository references by default. More details available in the referenced urls. If you are currently using a repository manager to govern the repositories used by your builds, you are unaffected by the risks present in the legacy behavior, and are unaffected by this vulnerability and change to default behavior. See this link for more information about repository management: https://maven.apache.org/repository-management.html</system-out><system-err>location: /src/.m2/repository/org/apache/maven/maven-core/2.0.9/maven-core-2.0.9.jar</system-err></testcase></testsuite><testsuite failures="1" id="107" name="/src/.m2/repository/org/apache/maven/maven-core/2.2.1/maven-core-2.2.1.jar" package="maven-core-2.2.1.jar" skipped="0" tests="1" timestamp="2021-09-07T17:22:16.865399"><testcase classname="CVE-2021-26291" name="pkg:maven/org.apache.maven/maven-core@2.2.1"><failure message="cvssV3: CRITICAL, score: 9.1 (CVSS:3.1/AV:N/AC:L/PR:N/UI:N/S:U/C:H/I:H/A:N)"/><system-out>Apache Maven will follow repositories that are defined in a dependency’s Project Object Model (pom) which may be surprising to some users, resulting in potential risk if a malicious actor takes over that repository or is able to insert themselves into a position to pretend to be that repository. Maven is changing the default behavior in 3.8.1+ to no longer follow http (non-SSL) repository references by default. More details available in the referenced urls. If you are currently using a repository manager to govern the repositories used by your builds, you are unaffected by the risks present in the legacy behavior, and are unaffected by this vulnerability and change to default behavior. See this link for more information about repository management: https://maven.apache.org/repository-management.html</system-out><system-err>location: /src/.m2/repository/org/apache/maven/maven-core/2.2.1/maven-core-2.2.1.jar</system-err></testcase></testsuite><testsuite failures="1" id="108" name="/src/.m2/repository/org/apache/maven/maven-core/3.1.1/maven-core-3.1.1.jar" package="maven-core-3.1.1.jar" skipped="0" tests="1" timestamp="2021-09-07T17:22:16.865399"><testcase classname="CVE-2021-26291" name="pkg:maven/org.apache.maven/maven-core@3.1.1"><failure message="cvssV3: CRITICAL, score: 9.1 (CVSS:3.1/AV:N/AC:L/PR:N/UI:N/S:U/C:H/I:H/A:N)"/><system-out>Apache Maven will follow repositories that are defined in a dependency’s Project Object Model (pom) which may be surprising to some users, resulting in potential risk if a malicious actor takes over that repository or is able to insert themselves into a position to pretend to be that repository. Maven is changing the default behavior in 3.8.1+ to no longer follow http (non-SSL) repository references by default. More details available in the referenced urls. If you are currently using a repository manager to govern the repositories used by your builds, you are unaffected by the risks present in the legacy behavior, and are unaffected by this vulnerability and change to default behavior. See this link for more information about repository management: https://maven.apache.org/repository-management.html</system-out><system-err>location: /src/.m2/repository/org/apache/maven/maven-core/3.1.1/maven-core-3.1.1.jar</system-err></testcase></testsuite><testsuite failures="0" id="109" name="/src/.m2/repository/org/apache/maven/shared/maven-dependency-tree/2.1/maven-dependency-tree-2.1.jar" package="maven-dependency-tree-2.1.jar" skipped="0" tests="1" timestamp="2021-09-07T17:22:16.865399"><testcase classname="dependency-check" name="maven-dependency-tree-2.1.jar"/></testsuite><testsuite failures="0" id="110" name="/src/.m2/repository/org/apache/maven/maven-error-diagnostics/2.0.6/maven-error-diagnostics-2.0.6.jar" package="maven-error-diagnostics-2.0.6.jar" skipped="0" tests="1" timestamp="2021-09-07T17:22:16.865399"><testcase classname="dependency-check" name="maven-error-diagnostics-2.0.6.jar"/></testsuite><testsuite failures="0" id="111" name="/src/.m2/repository/org/apache/maven/maven-error-diagnostics/2.0.9/maven-error-diagnostics-2.0.9.jar" package="maven-error-diagnostics-2.0.9.jar" skipped="0" tests="1" timestamp="2021-09-07T17:22:16.865399"><testcase classname="dependency-check" name="maven-error-diagnostics-2.0.9.jar"/></testsuite><testsuite failures="0" id="112" name="/src/.m2/repository/org/apache/maven/maven-error-diagnostics/2.2.1/maven-error-diagnostics-2.2.1.jar" package="maven-error-diagnostics-2.2.1.jar" skipped="0" tests="1" timestamp="2021-09-07T17:22:16.865399"><testcase classname="dependency-check" name="maven-error-diagnostics-2.2.1.jar"/></testsuite><testsuite failures="0" id="113" name="/src/.m2/repository/org/apache/maven/shared/maven-filtering/1.1/maven-filtering-1.1.jar" package="maven-filtering-1.1.jar" skipped="0" tests="1" timestamp="2021-09-07T17:22:16.865399"><testcase classname="dependency-check" name="maven-filtering-1.1.jar"/></testsuite><testsuite failures="0" id="114" name="/src/.m2/repository/org/apache/maven/plugins/maven-install-plugin/2.5.2/maven-install-plugin-2.5.2.jar" package="maven-install-plugin-2.5.2.jar" skipped="0" tests="1" timestamp="2021-09-07T17:22:16.865399"><testcase classname="dependency-check" name="maven-install-plugin-2.5.2.jar"/></testsuite><testsuite failures="0" id="115" name="/src/.m2/repository/org/apache/maven/plugins/maven-jar-plugin/2.6/maven-jar-plugin-2.6.jar" package="maven-jar-plugin-2.6.jar" skipped="0" tests="1" timestamp="2021-09-07T17:22:16.865399"><testcase classname="dependency-check" name="maven-jar-plugin-2.6.jar"/></testsuite><testsuite failures="0" id="116" name="/src/.m2/repository/org/apache/maven/maven-model/2.0.6/maven-model-2.0.6.jar" package="maven-model-2.0.6.jar" skipped="0" tests="1" timestamp="2021-09-07T17:22:16.865399"><testcase classname="dependency-check" name="maven-model-2.0.6.jar"/></testsuite><testsuite failures="0" id="117" name="/src/.m2/repository/org/apache/maven/maven-model/2.0.9/maven-model-2.0.9.jar" package="maven-model-2.0.9.jar" skipped="0" tests="1" timestamp="2021-09-07T17:22:16.865399"><testcase classname="dependency-check" name="maven-model-2.0.9.jar"/></testsuite><testsuite failures="0" id="118" name="/src/.m2/repository/org/apache/maven/maven-model/2.2.1/maven-model-2.2.1.jar" package="maven-model-2.2.1.jar" skipped="0" tests="1" timestamp="2021-09-07T17:22:16.865399"><testcase classname="dependency-check" name="maven-model-2.2.1.jar"/></testsuite><testsuite failures="0" id="119" name="/src/.m2/repository/org/apache/maven/maven-model/3.1.1/maven-model-3.1.1.jar" package="maven-model-3.1.1.jar" skipped="0" tests="1" timestamp="2021-09-07T17:22:16.865399"><testcase classname="dependency-check" name="maven-model-3.1.1.jar"/></testsuite><testsuite failures="0" id="120" name="/src/.m2/repository/org/apache/maven/maven-model-builder/3.1.1/maven-model-builder-3.1.1.jar" package="maven-model-builder-3.1.1.jar" skipped="0" tests="1" timestamp="2021-09-07T17:22:16.865399"><testcase classname="dependency-check" name="maven-model-builder-3.1.1.jar"/></testsuite><testsuite failures="0" id="121" name="/src/.m2/repository/org/apache/maven/maven-monitor/2.0.6/maven-monitor-2.0.6.jar" package="maven-monitor-2.0.6.jar" skipped="0" tests="1" timestamp="2021-09-07T17:22:16.865399"><testcase classname="dependency-check" name="maven-monitor-2.0.6.jar"/></testsuite><testsuite failures="0" id="122" name="/src/.m2/repository/org/apache/maven/maven-monitor/2.0.9/maven-monitor-2.0.9.jar" package="maven-monitor-2.0.9.jar" skipped="0" tests="1" timestamp="2021-09-07T17:22:16.865399"><testcase classname="dependency-check" name="maven-monitor-2.0.9.jar"/></testsuite><testsuite failures="0" id="123" name="/src/.m2/repository/org/apache/maven/maven-monitor/2.2.1/maven-monitor-2.2.1.jar" package="maven-monitor-2.2.1.jar" skipped="0" tests="1" timestamp="2021-09-07T17:22:16.865399"><testcase classname="dependency-check" name="maven-monitor-2.2.1.jar"/></testsuite><testsuite failures="0" id="124" name="/src/.m2/repository/org/apache/maven/plugin-tools/maven-plugin-annotations/3.3/maven-plugin-annotations-3.3.jar" package="maven-plugin-annotations-3.3.jar" skipped="0" tests="1" timestamp="2021-09-07T17:22:16.865399"><testcase classname="dependency-check" name="maven-plugin-annotations-3.3.jar"/></testsuite><testsuite failures="0" id="125" name="/src/.m2/repository/org/apache/maven/maven-plugin-api/2.0.6/maven-plugin-api-2.0.6.jar" package="maven-plugin-api-2.0.6.jar" skipped="0" tests="1" timestamp="2021-09-07T17:22:16.865399"><testcase classname="dependency-check" name="maven-plugin-api-2.0.6.jar"/></testsuite><testsuite failures="0" id="126" name="/src/.m2/repository/org/apache/maven/maven-plugin-api/2.0.9/maven-plugin-api-2.0.9.jar" package="maven-plugin-api-2.0.9.jar" skipped="0" tests="1" timestamp="2021-09-07T17:22:16.865399"><testcase classname="dependency-check" name="maven-plugin-api-2.0.9.jar"/></testsuite><testsuite failures="0" id="127" name="/src/.m2/repository/org/apache/maven/maven-plugin-api/2.2.1/maven-plugin-api-2.2.1.jar" package="maven-plugin-api-2.2.1.jar" skipped="0" tests="1" timestamp="2021-09-07T17:22:16.865399"><testcase classname="dependency-check" name="maven-plugin-api-2.2.1.jar"/></testsuite><testsuite failures="0" id="128" name="/src/.m2/repository/org/apache/maven/maven-plugin-api/3.1.1/maven-plugin-api-3.1.1.jar" package="maven-plugin-api-3.1.1.jar" skipped="0" tests="1" timestamp="2021-09-07T17:22:16.865399"><testcase classname="dependency-check" name="maven-plugin-api-3.1.1.jar"/></testsuite><testsuite failures="0" id="129" name="/src/.m2/repository/org/apache/maven/maven-plugin-descriptor/2.0.6/maven-plugin-descriptor-2.0.6.jar" package="maven-plugin-descriptor-2.0.6.jar" skipped="0" tests="1" timestamp="2021-09-07T17:22:16.865399"><testcase classname="dependency-check" name="maven-plugin-descriptor-2.0.6.jar"/></testsuite><testsuite failures="0" id="130" name="/src/.m2/repository/org/apache/maven/maven-plugin-descriptor/2.0.9/maven-plugin-descriptor-2.0.9.jar" package="maven-plugin-descriptor-2.0.9.jar" skipped="0" tests="1" timestamp="2021-09-07T17:22:16.865399"><testcase classname="dependency-check" name="maven-plugin-descriptor-2.0.9.jar"/></testsuite><testsuite failures="0" id="131" name="/src/.m2/repository/org/apache/maven/maven-plugin-descriptor/2.2.1/maven-plugin-descriptor-2.2.1.jar" package="maven-plugin-descriptor-2.2.1.jar" skipped="0" tests="1" timestamp="2021-09-07T17:22:16.865399"><testcase classname="dependency-check" name="maven-plugin-descriptor-2.2.1.jar"/></testsuite><testsuite failures="0" id="132" name="/src/.m2/repository/org/apache/maven/maven-plugin-parameter-documenter/2.0.6/maven-plugin-parameter-documenter-2.0.6.jar" package="maven-plugin-parameter-documenter-2.0.6.jar" skipped="0" tests="1" timestamp="2021-09-07T17:22:16.865399"><testcase classname="dependency-check" name="maven-plugin-parameter-documenter-2.0.6.jar"/></testsuite><testsuite failures="0" id="133" name="/src/.m2/repository/org/apache/maven/maven-plugin-parameter-documenter/2.0.9/maven-plugin-parameter-documenter-2.0.9.jar" package="maven-plugin-parameter-documenter-2.0.9.jar" skipped="0" tests="1" timestamp="2021-09-07T17:22:16.865399"><testcase classname="dependency-check" name="maven-plugin-parameter-documenter-2.0.9.jar"/></testsuite><testsuite failures="0" id="134" name="/src/.m2/repository/org/apache/maven/maven-plugin-parameter-documenter/2.2.1/maven-plugin-parameter-documenter-2.2.1.jar" package="maven-plugin-parameter-documenter-2.2.1.jar" skipped="0" tests="1" timestamp="2021-09-07T17:22:16.865399"><testcase classname="dependency-check" name="maven-plugin-parameter-documenter-2.2.1.jar"/></testsuite><testsuite failures="0" id="135" name="/src/.m2/repository/org/apache/maven/maven-plugin-registry/2.0.6/maven-plugin-registry-2.0.6.jar" package="maven-plugin-registry-2.0.6.jar" skipped="0" tests="1" timestamp="2021-09-07T17:22:16.865399"><testcase classname="dependency-check" name="maven-plugin-registry-2.0.6.jar"/></testsuite><testsuite failures="0" id="136" name="/src/.m2/repository/org/apache/maven/maven-plugin-registry/2.0.8/maven-plugin-registry-2.0.8.jar" package="maven-plugin-registry-2.0.8.jar" skipped="0" tests="1" timestamp="2021-09-07T17:22:16.865399"><testcase classname="dependency-check" name="maven-plugin-registry-2.0.8.jar"/></testsuite><testsuite failures="0" id="137" name="/src/.m2/repository/org/apache/maven/maven-plugin-registry/2.0.9/maven-plugin-registry-2.0.9.jar" package="maven-plugin-registry-2.0.9.jar" skipped="0" tests="1" timestamp="2021-09-07T17:22:16.865399"><testcase classname="dependency-check" name="maven-plugin-registry-2.0.9.jar"/></testsuite><testsuite failures="0" id="138" name="/src/.m2/repository/org/apache/maven/maven-plugin-registry/2.2.1/maven-plugin-registry-2.2.1.jar" package="maven-plugin-registry-2.2.1.jar" skipped="0" tests="1" timestamp="2021-09-07T17:22:16.865399"><testcase classname="dependency-check" name="maven-plugin-registry-2.2.1.jar"/></testsuite><testsuite failures="0" id="139" name="/src/.m2/repository/org/apache/maven/maven-profile/2.0.6/maven-profile-2.0.6.jar" package="maven-profile-2.0.6.jar" skipped="0" tests="1" timestamp="2021-09-07T17:22:16.865399"><testcase classname="dependency-check" name="maven-profile-2.0.6.jar"/></testsuite><testsuite failures="0" id="140" name="/src/.m2/repository/org/apache/maven/maven-profile/2.0.8/maven-profile-2.0.8.jar" package="maven-profile-2.0.8.jar" skipped="0" tests="1" timestamp="2021-09-07T17:22:16.865399"><testcase classname="dependency-check" name="maven-profile-2.0.8.jar"/></testsuite><testsuite failures="0" id="141" name="/src/.m2/repository/org/apache/maven/maven-profile/2.0.9/maven-profile-2.0.9.jar" package="maven-profile-2.0.9.jar" skipped="0" tests="1" timestamp="2021-09-07T17:22:16.865399"><testcase classname="dependency-check" name="maven-profile-2.0.9.jar"/></testsuite><testsuite failures="0" id="142" name="/src/.m2/repository/org/apache/maven/maven-profile/2.2.1/maven-profile-2.2.1.jar" package="maven-profile-2.2.1.jar" skipped="0" tests="1" timestamp="2021-09-07T17:22:16.865399"><testcase classname="dependency-check" name="maven-profile-2.2.1.jar"/></testsuite><testsuite failures="0" id="143" name="/src/.m2/repository/org/apache/maven/maven-project/2.0.6/maven-project-2.0.6.jar" package="maven-project-2.0.6.jar" skipped="0" tests="1" timestamp="2021-09-07T17:22:16.865399"><testcase classname="dependency-check" name="maven-project-2.0.6.jar"/></testsuite><testsuite failures="0" id="144" name="/src/.m2/repository/org/apache/maven/maven-project/2.0.8/maven-project-2.0.8.jar" package="maven-project-2.0.8.jar" skipped="0" tests="1" timestamp="2021-09-07T17:22:16.865399"><testcase classname="dependency-check" name="maven-project-2.0.8.jar"/></testsuite><testsuite failures="0" id="145" name="/src/.m2/repository/org/apache/maven/maven-project/2.0.9/maven-project-2.0.9.jar" package="maven-project-2.0.9.jar" skipped="0" tests="1" timestamp="2021-09-07T17:22:16.865399"><testcase classname="dependency-check" name="maven-project-2.0.9.jar"/></testsuite><testsuite failures="0" id="146" name="/src/.m2/repository/org/apache/maven/maven-project/2.2.1/maven-project-2.2.1.jar" package="maven-project-2.2.1.jar" skipped="0" tests="1" timestamp="2021-09-07T17:22:16.865399"><testcase classname="dependency-check" name="maven-project-2.2.1.jar"/></testsuite><testsuite failures="0" id="147" name="/src/.m2/repository/org/apache/maven/reporting/maven-reporting-api/2.0.6/maven-reporting-api-2.0.6.jar" package="maven-reporting-api-2.0.6.jar" skipped="0" tests="1" timestamp="2021-09-07T17:22:16.865399"><testcase classname="dependency-check" name="maven-reporting-api-2.0.6.jar"/></testsuite><testsuite failures="0" id="148" name="/src/.m2/repository/org/apache/maven/reporting/maven-reporting-api/2.2.1/maven-reporting-api-2.2.1.jar" package="maven-reporting-api-2.2.1.jar" skipped="0" tests="1" timestamp="2021-09-07T17:22:16.865399"><testcase classname="dependency-check" name="maven-reporting-api-2.2.1.jar"/></testsuite><testsuite failures="0" id="149" name="/src/.m2/repository/org/apache/maven/reporting/maven-reporting-api/3.0/maven-reporting-api-3.0.jar" package="maven-reporting-api-3.0.jar" skipped="0" tests="1" timestamp="2021-09-07T17:22:16.865399"><testcase classname="dependency-check" name="maven-reporting-api-3.0.jar"/></testsuite><testsuite failures="0" id="150" name="/src/.m2/repository/org/apache/maven/maven-repository-metadata/2.0.6/maven-repository-metadata-2.0.6.jar" package="maven-repository-metadata-2.0.6.jar" skipped="0" tests="1" timestamp="2021-09-07T17:22:16.865399"><testcase classname="dependency-check" name="maven-repository-metadata-2.0.6.jar"/></testsuite><testsuite failures="0" id="151" name="/src/.m2/repository/org/apache/maven/maven-repository-metadata/2.0.9/maven-repository-metadata-2.0.9.jar" package="maven-repository-metadata-2.0.9.jar" skipped="0" tests="1" timestamp="2021-09-07T17:22:16.865399"><testcase classname="dependency-check" name="maven-repository-metadata-2.0.9.jar"/></testsuite><testsuite failures="0" id="152" name="/src/.m2/repository/org/apache/maven/maven-repository-metadata/2.2.1/maven-repository-metadata-2.2.1.jar" package="maven-repository-metadata-2.2.1.jar" skipped="0" tests="1" timestamp="2021-09-07T17:22:16.865399"><testcase classname="dependency-check" name="maven-repository-metadata-2.2.1.jar"/></testsuite><testsuite failures="0" id="153" name="/src/.m2/repository/org/apache/maven/maven-repository-metadata/3.1.1/maven-repository-metadata-3.1.1.jar" package="maven-repository-metadata-3.1.1.jar" skipped="0" tests="1" timestamp="2021-09-07T17:22:16.865399"><testcase classname="dependency-check" name="maven-repository-metadata-3.1.1.jar"/></testsuite><testsuite failures="0" id="154" name="/src/.m2/repository/org/apache/maven/plugins/maven-resources-plugin/2.6/maven-resources-plugin-2.6.jar" package="maven-resources-plugin-2.6.jar" skipped="0" tests="1" timestamp="2021-09-07T17:22:16.865399"><testcase classname="dependency-check" name="maven-resources-plugin-2.6.jar"/></testsuite><testsuite failures="0" id="155" name="/src/.m2/repository/org/apache/maven/maven-settings/2.0.6/maven-settings-2.0.6.jar" package="maven-settings-2.0.6.jar" skipped="0" tests="1" timestamp="2021-09-07T17:22:16.865399"><testcase classname="dependency-check" name="maven-settings-2.0.6.jar"/></testsuite><testsuite failures="0" id="156" name="/src/.m2/repository/org/apache/maven/maven-settings/2.0.9/maven-settings-2.0.9.jar" package="maven-settings-2.0.9.jar" skipped="0" tests="1" timestamp="2021-09-07T17:22:16.865399"><testcase classname="dependency-check" name="maven-settings-2.0.9.jar"/></testsuite><testsuite failures="0" id="157" name="/src/.m2/repository/org/apache/maven/maven-settings/2.2.1/maven-settings-2.2.1.jar" package="maven-settings-2.2.1.jar" skipped="0" tests="1" timestamp="2021-09-07T17:22:16.865399"><testcase classname="dependency-check" name="maven-settings-2.2.1.jar"/></testsuite><testsuite failures="0" id="158" name="/src/.m2/repository/org/apache/maven/maven-settings/3.1.1/maven-settings-3.1.1.jar" package="maven-settings-3.1.1.jar
[...]
 not consider URL path parameters when processing security constraints. By adding a URL path parameter with special encodings, an attacker may be able to bypass a security constraint. The root cause of this issue is a lack of clarity regarding the handling of path parameters in the Servlet Specification. Some Servlet containers include path parameters in the value returned for getPathInfo() and some do not. Spring Security uses the value returned by getPathInfo() as part of the process of mapping requests to security constraints. In this particular attack, different character encodings used in path parameters allows secured Spring MVC static resource URLs to be bypassed.</system-out><system-err>location: /src/.m2/repository/org/springframework/spring-core/4.3.12.RELEASE/spring-core-4.3.12.RELEASE.jar</system-err></testcase><testcase classname="CVE-2018-1257" name="pkg:maven/org.springframework/spring-core@4.3.12.RELEASE"><failure message="cvssV3: MEDIUM, score: 6.5 (CVSS:3.0/AV:N/AC:L/PR:L/UI:N/S:U/C:N/I:N/A:H)"/><system-out>Spring Framework, versions 5.0.x prior to 5.0.6, versions 4.3.x prior to 4.3.17, and older unsupported versions allows applications to expose STOMP over WebSocket endpoints with a simple, in-memory STOMP broker through the spring-messaging module. A malicious user (or attacker) can craft a message to the broker that can lead to a regular expression, denial of service attack.</system-out><system-err>location: /src/.m2/repository/org/springframework/spring-core/4.3.12.RELEASE/spring-core-4.3.12.RELEASE.jar</system-err></testcase><testcase classname="CVE-2018-1270" name="pkg:maven/org.springframework/spring-core@4.3.12.RELEASE"><failure message="cvssV3: CRITICAL, score: 9.8 (CVSS:3.0/AV:N/AC:L/PR:N/UI:N/S:U/C:H/I:H/A:H)"/><system-out>Spring Framework, versions 5.0 prior to 5.0.5 and versions 4.3 prior to 4.3.15 and older unsupported versions, allow applications to expose STOMP over WebSocket endpoints with a simple, in-memory STOMP broker through the spring-messaging module. A malicious user (or attacker) can craft a message to the broker that can lead to a remote code execution attack.</system-out><system-err>location: /src/.m2/repository/org/springframework/spring-core/4.3.12.RELEASE/spring-core-4.3.12.RELEASE.jar</system-err></testcase><testcase classname="CVE-2018-1271" name="pkg:maven/org.springframework/spring-core@4.3.12.RELEASE"><failure message="cvssV3: MEDIUM, score: 5.9 (CVSS:3.0/AV:N/AC:H/PR:N/UI:N/S:U/C:H/I:N/A:N)"/><system-out>Spring Framework, versions 5.0 prior to 5.0.5 and versions 4.3 prior to 4.3.15 and older unsupported versions, allow applications to configure Spring MVC to serve static resources (e.g. CSS, JS, images). When static resources are served from a file system on Windows (as opposed to the classpath, or the ServletContext), a malicious user can send a request using a specially crafted URL that can lead a directory traversal attack.</system-out><system-err>location: /src/.m2/repository/org/springframework/spring-core/4.3.12.RELEASE/spring-core-4.3.12.RELEASE.jar</system-err></testcase><testcase classname="CVE-2018-1272" name="pkg:maven/org.springframework/spring-core@4.3.12.RELEASE"><failure message="cvssV3: HIGH, score: 7.5 (CVSS:3.0/AV:N/AC:H/PR:L/UI:N/S:U/C:H/I:H/A:H)"/><system-out>Spring Framework, versions 5.0 prior to 5.0.5 and versions 4.3 prior to 4.3.15 and older unsupported versions, provide client-side support for multipart requests. When Spring MVC or Spring WebFlux server application (server A) receives input from a remote client, and then uses that input to make a multipart request to another server (server B), it can be exposed to an attack, where an extra multipart is inserted in the content of the request from server A, causing server B to use the wrong value for a part it expects. This could to lead privilege escalation, for example, if the part content represents a username or user roles.</system-out><system-err>location: /src/.m2/repository/org/springframework/spring-core/4.3.12.RELEASE/spring-core-4.3.12.RELEASE.jar</system-err></testcase><testcase classname="CVE-2018-1275" name="pkg:maven/org.springframework/spring-core@4.3.12.RELEASE"><failure message="cvssV3: CRITICAL, score: 9.8 (CVSS:3.0/AV:N/AC:L/PR:N/UI:N/S:U/C:H/I:H/A:H)"/><system-out>Spring Framework, versions 5.0 prior to 5.0.5 and versions 4.3 prior to 4.3.16 and older unsupported versions, allow applications to expose STOMP over WebSocket endpoints with a simple, in-memory STOMP broker through the spring-messaging module. A malicious user (or attacker) can craft a message to the broker that can lead to a remote code execution attack. This CVE addresses the partial fix for CVE-2018-1270 in the 4.3.x branch of the Spring Framework.</system-out><system-err>location: /src/.m2/repository/org/springframework/spring-core/4.3.12.RELEASE/spring-core-4.3.12.RELEASE.jar</system-err></testcase><testcase classname="CVE-2018-15756" name="pkg:maven/org.springframework/spring-core@4.3.12.RELEASE"><failure message="cvssV3: HIGH, score: 7.5 (CVSS:3.0/AV:N/AC:L/PR:N/UI:N/S:U/C:N/I:N/A:H)"/><system-out>Spring Framework, version 5.1, versions 5.0.x prior to 5.0.10, versions 4.3.x prior to 4.3.20, and older unsupported versions on the 4.2.x branch provide support for range requests when serving static resources through the ResourceHttpRequestHandler, or starting in 5.0 when an annotated controller returns an org.springframework.core.io.Resource. A malicious user (or attacker) can add a range header with a high number of ranges, or with wide ranges that overlap, or both, for a denial of service attack. This vulnerability affects applications that depend on either spring-webmvc or spring-webflux. Such applications must also have a registration for serving static resources (e.g. JS, CSS, images, and others), or have an annotated controller that returns an org.springframework.core.io.Resource. Spring Boot applications that depend on spring-boot-starter-web or spring-boot-starter-webflux are ready to serve static resources out of the box and are therefore vulnerable.</system-out><system-err>location: /src/.m2/repository/org/springframework/spring-core/4.3.12.RELEASE/spring-core-4.3.12.RELEASE.jar</system-err></testcase><testcase classname="CVE-2020-5421" name="pkg:maven/org.springframework/spring-core@4.3.12.RELEASE"><failure message="cvssV3: MEDIUM, score: 6.5 (CVSS:3.1/AV:N/AC:H/PR:L/UI:R/S:C/C:L/I:H/A:N)"/><system-out>In Spring Framework versions 5.2.0 - 5.2.8, 5.1.0 - 5.1.17, 5.0.0 - 5.0.18, 4.3.0 - 4.3.28, and older unsupported versions, the protections against RFD attacks from CVE-2015-5211 may be bypassed depending on the browser used through the use of a jsessionid path parameter.</system-out><system-err>location: /src/.m2/repository/org/springframework/spring-core/4.3.12.RELEASE/spring-core-4.3.12.RELEASE.jar</system-err></testcase></testsuite><testsuite failures="10" id="257" name="/src/.m2/repository/org/springframework/spring-tx/4.3.12.RELEASE/spring-tx-4.3.12.RELEASE.jar" package="spring-tx-4.3.12.RELEASE.jar" skipped="0" tests="10" timestamp="2021-09-07T17:22:16.865399"><testcase classname="CVE-2018-11039" name="pkg:maven/org.springframework/spring-tx@4.3.12.RELEASE"><failure message="cvssV3: MEDIUM, score: 5.9 (CVSS:3.0/AV:N/AC:H/PR:N/UI:N/S:U/C:H/I:N/A:N)"/><system-out>Spring Framework (versions 5.0.x prior to 5.0.7, versions 4.3.x prior to 4.3.18, and older unsupported versions) allow web applications to change the HTTP request method to any HTTP method (including TRACE) using the HiddenHttpMethodFilter in Spring MVC. If an application has a pre-existing XSS vulnerability, a malicious user (or attacker) can use this filter to escalate to an XST (Cross Site Tracing) attack.</system-out><system-err>location: /src/.m2/repository/org/springframework/spring-tx/4.3.12.RELEASE/spring-tx-4.3.12.RELEASE.jar</system-err></testcase><testcase classname="CVE-2018-11040" name="pkg:maven/org.springframework/spring-tx@4.3.12.RELEASE"><failure message="cvssV3: MEDIUM, score: 5.9 (CVSS:3.0/AV:N/AC:H/PR:N/UI:N/S:U/C:H/I:N/A:N)"/><system-out>Spring Framework, versions 5.0.x prior to 5.0.7 and 4.3.x prior to 4.3.18 and older unsupported versions, allows web applications to enable cross-domain requests via JSONP (JSON with Padding) through AbstractJsonpResponseBodyAdvice for REST controllers and MappingJackson2JsonView for browser requests. Both are not enabled by default in Spring Framework nor Spring Boot, however, when MappingJackson2JsonView is configured in an application, JSONP support is automatically ready to use through the &quot;jsonp&quot; and &quot;callback&quot; JSONP parameters, enabling cross-domain requests.</system-out><system-err>location: /src/.m2/repository/org/springframework/spring-tx/4.3.12.RELEASE/spring-tx-4.3.12.RELEASE.jar</system-err></testcase><testcase classname="CVE-2018-1199" name="pkg:maven/org.springframework/spring-tx@4.3.12.RELEASE"><failure message="cvssV3: MEDIUM, score: 5.3 (CVSS:3.0/AV:N/AC:L/PR:N/UI:N/S:U/C:L/I:N/A:N)"/><system-out>Spring Security (Spring Security 4.1.x before 4.1.5, 4.2.x before 4.2.4, and 5.0.x before 5.0.1; and Spring Framework 4.3.x before 4.3.14 and 5.0.x before 5.0.3) does not consider URL path parameters when processing security constraints. By adding a URL path parameter with special encodings, an attacker may be able to bypass a security constraint. The root cause of this issue is a lack of clarity regarding the handling of path parameters in the Servlet Specification. Some Servlet containers include path parameters in the value returned for getPathInfo() and some do not. Spring Security uses the value returned by getPathInfo() as part of the process of mapping requests to security constraints. In this particular attack, different character encodings used in path parameters allows secured Spring MVC static resource URLs to be bypassed.</system-out><system-err>location: /src/.m2/repository/org/springframework/spring-tx/4.3.12.RELEASE/spring-tx-4.3.12.RELEASE.jar</system-err></testcase><testcase classname="CVE-2018-1257" name="pkg:maven/org.springframework/spring-tx@4.3.12.RELEASE"><failure message="cvssV3: MEDIUM, score: 6.5 (CVSS:3.0/AV:N/AC:L/PR:L/UI:N/S:U/C:N/I:N/A:H)"/><system-out>Spring Framework, versions 5.0.x prior to 5.0.6, versions 4.3.x prior to 4.3.17, and older unsupported versions allows applications to expose STOMP over WebSocket endpoints with a simple, in-memory STOMP broker through the spring-messaging module. A malicious user (or attacker) can craft a message to the broker that can lead to a regular expression, denial of service attack.</system-out><system-err>location: /src/.m2/repository/org/springframework/spring-tx/4.3.12.RELEASE/spring-tx-4.3.12.RELEASE.jar</system-err></testcase><testcase classname="CVE-2018-1270" name="pkg:maven/org.springframework/spring-tx@4.3.12.RELEASE"><failure message="cvssV3: CRITICAL, score: 9.8 (CVSS:3.0/AV:N/AC:L/PR:N/UI:N/S:U/C:H/I:H/A:H)"/><system-out>Spring Framework, versions 5.0 prior to 5.0.5 and versions 4.3 prior to 4.3.15 and older unsupported versions, allow applications to expose STOMP over WebSocket endpoints with a simple, in-memory STOMP broker through the spring-messaging module. A malicious user (or attacker) can craft a message to the broker that can lead to a remote code execution attack.</system-out><system-err>location: /src/.m2/repository/org/springframework/spring-tx/4.3.12.RELEASE/spring-tx-4.3.12.RELEASE.jar</system-err></testcase><testcase classname="CVE-2018-1271" name="pkg:maven/org.springframework/spring-tx@4.3.12.RELEASE"><failure message="cvssV3: MEDIUM, score: 5.9 (CVSS:3.0/AV:N/AC:H/PR:N/UI:N/S:U/C:H/I:N/A:N)"/><system-out>Spring Framework, versions 5.0 prior to 5.0.5 and versions 4.3 prior to 4.3.15 and older unsupported versions, allow applications to configure Spring MVC to serve static resources (e.g. CSS, JS, images). When static resources are served from a file system on Windows (as opposed to the classpath, or the ServletContext), a malicious user can send a request using a specially crafted URL that can lead a directory traversal attack.</system-out><system-err>location: /src/.m2/repository/org/springframework/spring-tx/4.3.12.RELEASE/spring-tx-4.3.12.RELEASE.jar</system-err></testcase><testcase classname="CVE-2018-1272" name="pkg:maven/org.springframework/spring-tx@4.3.12.RELEASE"><failure message="cvssV3: HIGH, score: 7.5 (CVSS:3.0/AV:N/AC:H/PR:L/UI:N/S:U/C:H/I:H/A:H)"/><system-out>Spring Framework, versions 5.0 prior to 5.0.5 and versions 4.3 prior to 4.3.15 and older unsupported versions, provide client-side support for multipart requests. When Spring MVC or Spring WebFlux server application (server A) receives input from a remote client, and then uses that input to make a multipart request to another server (server B), it can be exposed to an attack, where an extra multipart is inserted in the content of the request from server A, causing server B to use the wrong value for a part it expects. This could to lead privilege escalation, for example, if the part content represents a username or user roles.</system-out><system-err>location: /src/.m2/repository/org/springframework/spring-tx/4.3.12.RELEASE/spring-tx-4.3.12.RELEASE.jar</system-err></testcase><testcase classname="CVE-2018-1275" name="pkg:maven/org.springframework/spring-tx@4.3.12.RELEASE"><failure message="cvssV3: CRITICAL, score: 9.8 (CVSS:3.0/AV:N/AC:L/PR:N/UI:N/S:U/C:H/I:H/A:H)"/><system-out>Spring Framework, versions 5.0 prior to 5.0.5 and versions 4.3 prior to 4.3.16 and older unsupported versions, allow applications to expose STOMP over WebSocket endpoints with a simple, in-memory STOMP broker through the spring-messaging module. A malicious user (or attacker) can craft a message to the broker that can lead to a remote code execution attack. This CVE addresses the partial fix for CVE-2018-1270 in the 4.3.x branch of the Spring Framework.</system-out><system-err>location: /src/.m2/repository/org/springframework/spring-tx/4.3.12.RELEASE/spring-tx-4.3.12.RELEASE.jar</system-err></testcase><testcase classname="CVE-2018-15756" name="pkg:maven/org.springframework/spring-tx@4.3.12.RELEASE"><failure message="cvssV3: HIGH, score: 7.5 (CVSS:3.0/AV:N/AC:L/PR:N/UI:N/S:U/C:N/I:N/A:H)"/><system-out>Spring Framework, version 5.1, versions 5.0.x prior to 5.0.10, versions 4.3.x prior to 4.3.20, and older unsupported versions on the 4.2.x branch provide support for range requests when serving static resources through the ResourceHttpRequestHandler, or starting in 5.0 when an annotated controller returns an org.springframework.core.io.Resource. A malicious user (or attacker) can add a range header with a high number of ranges, or with wide ranges that overlap, or both, for a denial of service attack. This vulnerability affects applications that depend on either spring-webmvc or spring-webflux. Such applications must also have a registration for serving static resources (e.g. JS, CSS, images, and others), or have an annotated controller that returns an org.springframework.core.io.Resource. Spring Boot applications that depend on spring-boot-starter-web or spring-boot-starter-webflux are ready to serve static resources out of the box and are therefore vulnerable.</system-out><system-err>location: /src/.m2/repository/org/springframework/spring-tx/4.3.12.RELEASE/spring-tx-4.3.12.RELEASE.jar</system-err></testcase><testcase classname="CVE-2020-5421" name="pkg:maven/org.springframework/spring-tx@4.3.12.RELEASE"><failure message="cvssV3: MEDIUM, score: 6.5 (CVSS:3.1/AV:N/AC:H/PR:L/UI:R/S:C/C:L/I:H/A:N)"/><system-out>In Spring Framework versions 5.2.0 - 5.2.8, 5.1.0 - 5.1.17, 5.0.0 - 5.0.18, 4.3.0 - 4.3.28, and older unsupported versions, the protections against RFD attacks from CVE-2015-5211 may be bypassed depending on the browser used through the use of a jsessionid path parameter.</system-out><system-err>location: /src/.m2/repository/org/springframework/spring-tx/4.3.12.RELEASE/spring-tx-4.3.12.RELEASE.jar</system-err></testcase></testsuite><testsuite failures="0" id="258" name="/src/.m2/repository/com/clearspring/analytics/stream/2.5.2/stream-2.5.2.jar" package="stream-2.5.2.jar" skipped="0" tests="1" timestamp="2021-09-07T17:22:16.865399"><testcase classname="dependency-check" name="stream-2.5.2.jar"/></testsuite><testsuite failures="0" id="259" name="/src/.m2/repository/org/apache/maven/surefire/surefire-api/2.20.1/surefire-api-2.20.1.jar" package="surefire-api-2.20.1.jar" skipped="0" tests="1" timestamp="2021-09-07T17:22:16.865399"><testcase classname="dependency-check" name="surefire-api-2.20.1.jar"/></testsuite><testsuite failures="1" id="260" name="/src/.m2/repository/org/apache/maven/surefire/surefire-booter/2.20.1/surefire-booter-2.20.1.jar/META-INF/maven/commons-io/commons-io/pom.xml" package="surefire-booter-2.20.1.jar (shaded: commons-io:commons-io:2.5)" skipped="0" tests="1" timestamp="2021-09-07T17:22:16.865399"><testcase classname="CVE-2021-29425" name="pkg:maven/commons-io/commons-io@2.5"><failure message="cvssV3: MEDIUM, score: 5.3 (CVSS:3.1/AV:N/AC:L/PR:N/UI:N/S:U/C:L/I:N/A:N)"/><system-out>In Apache Commons IO before 2.7, When invoking the method FileNameUtils.normalize with an improper input string, like &quot;//../foo&quot;, or &quot;\\..\foo&quot;, the result would be the same value, thus possibly providing access to files in the parent directory, but not further above (thus &quot;limited&quot; path traversal), if the calling code would use the result to construct a path value.</system-out><system-err>location: /src/.m2/repository/org/apache/maven/surefire/surefire-booter/2.20.1/surefire-booter-2.20.1.jar/META-INF/maven/commons-io/commons-io/pom.xml</system-err></testcase></testsuite><testsuite failures="0" id="261" name="/src/.m2/repository/org/apache/maven/surefire/surefire-booter/2.20.1/surefire-booter-2.20.1.jar" package="surefire-booter-2.20.1.jar" skipped="0" tests="1" timestamp="2021-09-07T17:22:16.865399"><testcase classname="dependency-check" name="surefire-booter-2.20.1.jar"/></testsuite><testsuite failures="0" id="262" name="/src/.m2/repository/org/apache/maven/surefire/surefire-logger-api/2.20.1/surefire-logger-api-2.20.1.jar" package="surefire-logger-api-2.20.1.jar" skipped="0" tests="1" timestamp="2021-09-07T17:22:16.865399"><testcase classname="dependency-check" name="surefire-logger-api-2.20.1.jar"/></testsuite><testsuite failures="0" id="263" name="/src/.m2/repository/com/thinkaurelius/thrift/thrift-server/0.3.7/thrift-server-0.3.7.jar" package="thrift-server-0.3.7.jar" skipped="0" tests="1" timestamp="2021-09-07T17:22:16.865399"><testcase classname="dependency-check" name="thrift-server-0.3.7.jar"/></testsuite><testsuite failures="0" id="264" name="/src/.m2/repository/com/univocity/univocity-parsers/2.5.8/univocity-parsers-2.5.8.jar" package="univocity-parsers-2.5.8.jar" skipped="0" tests="1" timestamp="2021-09-07T17:22:16.865399"><testcase classname="dependency-check" name="univocity-parsers-2.5.8.jar"/></testsuite><testsuite failures="0" id="265" name="/src/.m2/repository/javax/validation/validation-api/1.1.0.Final/validation-api-1.1.0.Final.jar" package="validation-api-1.1.0.Final.jar" skipped="0" tests="1" timestamp="2021-09-07T17:22:16.865399"><testcase classname="dependency-check" name="validation-api-1.1.0.Final.jar"/></testsuite><testsuite failures="0" id="266" name="/src/.m2/repository/org/apache/maven/wagon/wagon-provider-api/1.0-beta-6/wagon-provider-api-1.0-beta-6.jar" package="wagon-provider-api-1.0-beta-6.jar" skipped="0" tests="1" timestamp="2021-09-07T17:22:16.865399"><testcase classname="dependency-check" name="wagon-provider-api-1.0-beta-6.jar"/></testsuite><testsuite failures="0" id="267" name="/src/.m2/repository/org/apache/xbean/xbean-reflect/3.4/xbean-reflect-3.4.jar" package="xbean-reflect-3.4.jar" skipped="0" tests="1" timestamp="2021-09-07T17:22:16.865399"><testcase classname="dependency-check" name="xbean-reflect-3.4.jar"/></testsuite></testsuites>